<?xml version="1.0" encoding="utf-8"?>
<!DOCTYPE coverage SYSTEM "http://cobertura.sourceforge.net/xml/coverage-04.dtd">
<coverage line-rate="0.7905593018643395" branch-rate="0.7016129032258065" lines-covered="1993" lines-valid="2521" branches-covered="522" branches-valid="744" complexity="853" version="0" timestamp="1711576946">
  <sources />
  <packages>
    <package name="SQLite.Tests" line-rate="0.7905593018643395" branch-rate="0.7016129032258065" complexity="853">
      <classes>
        <class name="AutoGeneratedProgram" filename="/home/runner/.nuget/packages/microsoft.net.test.sdk/16.5.0/build/netcoreapp2.1/Microsoft.NET.Test.Sdk.Program.cs" line-rate="0" branch-rate="1" complexity="1">
          <methods>
            <method name="Main" signature="(System.String[])" line-rate="0" branch-rate="1" complexity="1">
              <lines>
                <line number="4" hits="0" branch="false" />
              </lines>
            </method>
          </methods>
          <lines>
            <line number="4" hits="0" branch="false" />
          </lines>
        </class>
        <class name="SQLite.AsyncTableQuery`1" filename="/home/runner/work/sqlite-net/sqlite-net/src/SQLiteAsync.cs" line-rate="0.5675675675675675" branch-rate="1" complexity="21">
          <methods>
            <method name=".ctor" signature="(SQLite.TableQuery`1&lt;T&gt;)" line-rate="1" branch-rate="1" complexity="1">
              <lines>
                <line number="1306" hits="1049" branch="false" />
                <line number="1307" hits="1049" branch="false" />
                <line number="1308" hits="1049" branch="false" />
                <line number="1309" hits="1049" branch="false" />
              </lines>
            </method>
            <method name="ReadAsync" signature="(System.Func`2&lt;SQLite.SQLiteConnectionWithLock,U&gt;)" line-rate="1" branch-rate="1" complexity="1">
              <lines>
                <line number="1312" hits="532" branch="false" />
                <line number="1313" hits="1064" branch="false" />
                <line number="1314" hits="1064" branch="false" />
                <line number="1315" hits="1596" branch="false" />
                <line number="1316" hits="1064" branch="false" />
                <line number="1317" hits="532" branch="false" />
                <line number="1318" hits="1062" branch="false" />
                <line number="1319" hits="532" branch="false" />
              </lines>
            </method>
            <method name="WriteAsync" signature="(System.Func`2&lt;SQLite.SQLiteConnectionWithLock,U&gt;)" line-rate="0" branch-rate="1" complexity="1">
              <lines>
                <line number="1322" hits="0" branch="false" />
                <line number="1323" hits="0" branch="false" />
                <line number="1324" hits="0" branch="false" />
                <line number="1325" hits="0" branch="false" />
                <line number="1326" hits="0" branch="false" />
                <line number="1327" hits="0" branch="false" />
                <line number="1328" hits="0" branch="false" />
                <line number="1329" hits="0" branch="false" />
              </lines>
            </method>
            <method name="Where" signature="(System.Linq.Expressions.Expression`1&lt;System.Func`2&lt;T,System.Boolean&gt;&gt;)" line-rate="1" branch-rate="1" complexity="1">
              <lines>
                <line number="1335" hits="513" branch="false" />
                <line number="1336" hits="513" branch="false" />
                <line number="1337" hits="513" branch="false" />
              </lines>
            </method>
            <method name="Skip" signature="(System.Int32)" line-rate="1" branch-rate="1" complexity="1">
              <lines>
                <line number="1343" hits="1" branch="false" />
                <line number="1344" hits="1" branch="false" />
                <line number="1345" hits="1" branch="false" />
              </lines>
            </method>
            <method name="Take" signature="(System.Int32)" line-rate="1" branch-rate="1" complexity="1">
              <lines>
                <line number="1351" hits="1" branch="false" />
                <line number="1352" hits="1" branch="false" />
                <line number="1353" hits="1" branch="false" />
              </lines>
            </method>
            <method name="OrderBy" signature="(System.Linq.Expressions.Expression`1&lt;System.Func`2&lt;T,U&gt;&gt;)" line-rate="1" branch-rate="1" complexity="1">
              <lines>
                <line number="1359" hits="4" branch="false" />
                <line number="1360" hits="4" branch="false" />
                <line number="1361" hits="4" branch="false" />
              </lines>
            </method>
            <method name="OrderByDescending" signature="(System.Linq.Expressions.Expression`1&lt;System.Func`2&lt;T,U&gt;&gt;)" line-rate="1" branch-rate="1" complexity="1">
              <lines>
                <line number="1367" hits="1" branch="false" />
                <line number="1368" hits="1" branch="false" />
                <line number="1369" hits="1" branch="false" />
              </lines>
            </method>
            <method name="ThenBy" signature="(System.Linq.Expressions.Expression`1&lt;System.Func`2&lt;T,U&gt;&gt;)" line-rate="0" branch-rate="1" complexity="1">
              <lines>
                <line number="1375" hits="0" branch="false" />
                <line number="1376" hits="0" branch="false" />
                <line number="1377" hits="0" branch="false" />
              </lines>
            </method>
            <method name="ThenByDescending" signature="(System.Linq.Expressions.Expression`1&lt;System.Func`2&lt;T,U&gt;&gt;)" line-rate="0" branch-rate="1" complexity="1">
              <lines>
                <line number="1383" hits="0" branch="false" />
                <line number="1384" hits="0" branch="false" />
                <line number="1385" hits="0" branch="false" />
              </lines>
            </method>
            <method name="ToListAsync" signature="()" line-rate="1" branch-rate="1" complexity="1">
              <lines>
                <line number="1391" hits="518" branch="false" />
                <line number="1392" hits="1036" branch="false" />
                <line number="1393" hits="518" branch="false" />
              </lines>
            </method>
            <method name="ToArrayAsync" signature="()" line-rate="0" branch-rate="1" complexity="1">
              <lines>
                <line number="1399" hits="0" branch="false" />
                <line number="1400" hits="0" branch="false" />
                <line number="1401" hits="0" branch="false" />
              </lines>
            </method>
            <method name="CountAsync" signature="()" line-rate="1" branch-rate="1" complexity="1">
              <lines>
                <line number="1407" hits="9" branch="false" />
                <line number="1408" hits="18" branch="false" />
                <line number="1409" hits="9" branch="false" />
              </lines>
            </method>
            <method name="CountAsync" signature="(System.Linq.Expressions.Expression`1&lt;System.Func`2&lt;T,System.Boolean&gt;&gt;)" line-rate="0" branch-rate="1" complexity="1">
              <lines>
                <line number="1415" hits="0" branch="false" />
                <line number="1416" hits="0" branch="false" />
                <line number="1417" hits="0" branch="false" />
              </lines>
            </method>
            <method name="ElementAtAsync" signature="(System.Int32)" line-rate="1" branch-rate="1" complexity="1">
              <lines>
                <line number="1423" hits="1" branch="false" />
                <line number="1424" hits="2" branch="false" />
                <line number="1425" hits="1" branch="false" />
              </lines>
            </method>
            <method name="FirstAsync" signature="()" line-rate="1" branch-rate="1" complexity="1">
              <lines>
                <line number="1431" hits="2" branch="false" />
                <line number="1432" hits="4" branch="false" />
                <line number="1433" hits="2" branch="false" />
              </lines>
            </method>
            <method name="FirstOrDefaultAsync" signature="()" line-rate="1" branch-rate="1" complexity="1">
              <lines>
                <line number="1439" hits="2" branch="false" />
                <line number="1440" hits="4" branch="false" />
                <line number="1441" hits="2" branch="false" />
              </lines>
            </method>
            <method name="FirstAsync" signature="(System.Linq.Expressions.Expression`1&lt;System.Func`2&lt;T,System.Boolean&gt;&gt;)" line-rate="0" branch-rate="1" complexity="1">
              <lines>
                <line number="1447" hits="0" branch="false" />
                <line number="1448" hits="0" branch="false" />
                <line number="1449" hits="0" branch="false" />
              </lines>
            </method>
            <method name="FirstOrDefaultAsync" signature="(System.Linq.Expressions.Expression`1&lt;System.Func`2&lt;T,System.Boolean&gt;&gt;)" line-rate="0" branch-rate="1" complexity="1">
              <lines>
                <line number="1455" hits="0" branch="false" />
                <line number="1456" hits="0" branch="false" />
                <line number="1457" hits="0" branch="false" />
              </lines>
            </method>
            <method name="DeleteAsync" signature="(System.Linq.Expressions.Expression`1&lt;System.Func`2&lt;T,System.Boolean&gt;&gt;)" line-rate="0" branch-rate="1" complexity="1">
              <lines>
                <line number="1463" hits="0" branch="false" />
                <line number="1464" hits="0" branch="false" />
                <line number="1465" hits="0" branch="false" />
              </lines>
            </method>
            <method name="DeleteAsync" signature="()" line-rate="0" branch-rate="1" complexity="1">
              <lines>
                <line number="1471" hits="0" branch="false" />
                <line number="1472" hits="0" branch="false" />
                <line number="1473" hits="0" branch="false" />
              </lines>
            </method>
          </methods>
          <lines>
            <line number="1306" hits="1049" branch="false" />
            <line number="1307" hits="1049" branch="false" />
            <line number="1308" hits="1049" branch="false" />
            <line number="1309" hits="1049" branch="false" />
            <line number="1312" hits="532" branch="false" />
            <line number="1313" hits="1064" branch="false" />
            <line number="1314" hits="1064" branch="false" />
            <line number="1315" hits="1596" branch="false" />
            <line number="1316" hits="1064" branch="false" />
            <line number="1317" hits="532" branch="false" />
            <line number="1318" hits="1062" branch="false" />
            <line number="1319" hits="532" branch="false" />
            <line number="1322" hits="0" branch="false" />
            <line number="1323" hits="0" branch="false" />
            <line number="1324" hits="0" branch="false" />
            <line number="1325" hits="0" branch="false" />
            <line number="1326" hits="0" branch="false" />
            <line number="1327" hits="0" branch="false" />
            <line number="1328" hits="0" branch="false" />
            <line number="1329" hits="0" branch="false" />
            <line number="1335" hits="513" branch="false" />
            <line number="1336" hits="513" branch="false" />
            <line number="1337" hits="513" branch="false" />
            <line number="1343" hits="1" branch="false" />
            <line number="1344" hits="1" branch="false" />
            <line number="1345" hits="1" branch="false" />
            <line number="1351" hits="1" branch="false" />
            <line number="1352" hits="1" branch="false" />
            <line number="1353" hits="1" branch="false" />
            <line number="1359" hits="4" branch="false" />
            <line number="1360" hits="4" branch="false" />
            <line number="1361" hits="4" branch="false" />
            <line number="1367" hits="1" branch="false" />
            <line number="1368" hits="1" branch="false" />
            <line number="1369" hits="1" branch="false" />
            <line number="1375" hits="0" branch="false" />
            <line number="1376" hits="0" branch="false" />
            <line number="1377" hits="0" branch="false" />
            <line number="1383" hits="0" branch="false" />
            <line number="1384" hits="0" branch="false" />
            <line number="1385" hits="0" branch="false" />
            <line number="1391" hits="518" branch="false" />
            <line number="1392" hits="1036" branch="false" />
            <line number="1393" hits="518" branch="false" />
            <line number="1399" hits="0" branch="false" />
            <line number="1400" hits="0" branch="false" />
            <line number="1401" hits="0" branch="false" />
            <line number="1407" hits="9" branch="false" />
            <line number="1408" hits="18" branch="false" />
            <line number="1409" hits="9" branch="false" />
            <line number="1415" hits="0" branch="false" />
            <line number="1416" hits="0" branch="false" />
            <line number="1417" hits="0" branch="false" />
            <line number="1423" hits="1" branch="false" />
            <line number="1424" hits="2" branch="false" />
            <line number="1425" hits="1" branch="false" />
            <line number="1431" hits="2" branch="false" />
            <line number="1432" hits="4" branch="false" />
            <line number="1433" hits="2" branch="false" />
            <line number="1439" hits="2" branch="false" />
            <line number="1440" hits="4" branch="false" />
            <line number="1441" hits="2" branch="false" />
            <line number="1447" hits="0" branch="false" />
            <line number="1448" hits="0" branch="false" />
            <line number="1449" hits="0" branch="false" />
            <line number="1455" hits="0" branch="false" />
            <line number="1456" hits="0" branch="false" />
            <line number="1457" hits="0" branch="false" />
            <line number="1463" hits="0" branch="false" />
            <line number="1464" hits="0" branch="false" />
            <line number="1465" hits="0" branch="false" />
            <line number="1471" hits="0" branch="false" />
            <line number="1472" hits="0" branch="false" />
            <line number="1473" hits="0" branch="false" />
          </lines>
        </class>
        <class name="SQLite.CollationAttribute" filename="/home/runner/work/sqlite-net/sqlite-net/src/SQLite.cs" line-rate="1" branch-rate="1" complexity="1">
          <methods>
            <method name=".ctor" signature="(System.String)" line-rate="1" branch-rate="1" complexity="1">
              <lines>
                <line number="2535" hits="1" branch="false" />
                <line number="2536" hits="1" branch="false" />
                <line number="2537" hits="1" branch="false" />
                <line number="2538" hits="1" branch="false" />
              </lines>
            </method>
          </methods>
          <lines>
            <line number="2535" hits="1" branch="false" />
            <line number="2536" hits="1" branch="false" />
            <line number="2537" hits="1" branch="false" />
            <line number="2538" hits="1" branch="false" />
          </lines>
        </class>
        <class name="SQLite.ColumnAttribute" filename="/home/runner/work/sqlite-net/sqlite-net/src/SQLite.cs" line-rate="1" branch-rate="1" complexity="1">
          <methods>
            <method name=".ctor" signature="(System.String)" line-rate="1" branch-rate="1" complexity="1">
              <lines>
                <line number="2460" hits="1" branch="false" />
                <line number="2461" hits="1" branch="false" />
                <line number="2462" hits="1" branch="false" />
                <line number="2463" hits="1" branch="false" />
              </lines>
            </method>
          </methods>
          <lines>
            <line number="2460" hits="1" branch="false" />
            <line number="2461" hits="1" branch="false" />
            <line number="2462" hits="1" branch="false" />
            <line number="2463" hits="1" branch="false" />
          </lines>
        </class>
        <class name="SQLite.CreateTablesResult" filename="/home/runner/work/sqlite-net/sqlite-net/src/SQLite.cs" line-rate="1" branch-rate="1" complexity="1">
          <methods>
            <method name=".ctor" signature="()" line-rate="1" branch-rate="1" complexity="1">
              <lines>
                <line number="3817" hits="5" branch="false" />
                <line number="3818" hits="5" branch="false" />
                <line number="3819" hits="5" branch="false" />
                <line number="3820" hits="5" branch="false" />
              </lines>
            </method>
          </methods>
          <lines>
            <line number="3817" hits="5" branch="false" />
            <line number="3818" hits="5" branch="false" />
            <line number="3819" hits="5" branch="false" />
            <line number="3820" hits="5" branch="false" />
          </lines>
        </class>
        <class name="SQLite.EnumCache" filename="/home/runner/work/sqlite-net/sqlite-net/src/SQLite.cs" line-rate="1" branch-rate="1" complexity="5">
          <methods>
            <method name="GetInfo" signature="()" line-rate="1" branch-rate="1" complexity="1">
              <lines>
                <line number="2856" hits="6" branch="false" />
                <line number="2857" hits="6" branch="false" />
                <line number="2858" hits="6" branch="false" />
              </lines>
            </method>
            <method name="GetInfo" signature="(System.Type)" line-rate="1" branch-rate="1" complexity="3">
              <lines>
                <line number="2861" hits="25" branch="false" />
                <line number="2862" hits="50" branch="false" />
                <line number="2863" hits="25" branch="false" />
                <line number="2864" hits="39" branch="true" condition-coverage="100% (2/2)" />
                <line number="2865" hits="14" branch="false" />
                <line number="2866" hits="14" branch="false" />
                <line number="2867" hits="14" branch="false" />
                <line number="2869" hits="25" branch="false" />
                <line number="2871" hits="25" branch="false" />
              </lines>
            </method>
            <method name=".cctor" signature="()" line-rate="1" branch-rate="1" complexity="1">
              <lines>
                <line number="2853" hits="1" branch="false" />
              </lines>
            </method>
          </methods>
          <lines>
            <line number="2853" hits="1" branch="false" />
            <line number="2856" hits="6" branch="false" />
            <line number="2857" hits="6" branch="false" />
            <line number="2858" hits="6" branch="false" />
            <line number="2861" hits="25" branch="false" />
            <line number="2862" hits="50" branch="false" />
            <line number="2863" hits="25" branch="false" />
            <line number="2864" hits="39" branch="true" condition-coverage="100% (2/2)" />
            <line number="2865" hits="14" branch="false" />
            <line number="2866" hits="14" branch="false" />
            <line number="2867" hits="14" branch="false" />
            <line number="2869" hits="25" branch="false" />
            <line number="2871" hits="25" branch="false" />
          </lines>
        </class>
        <class name="SQLite.EnumCacheInfo" filename="/home/runner/work/sqlite-net/sqlite-net/src/SQLite.cs" line-rate="1" branch-rate="1" complexity="6">
          <methods>
            <method name=".ctor" signature="(System.Type)" line-rate="1" branch-rate="1" complexity="6">
              <lines>
                <line number="2826" hits="14" branch="false" />
                <line number="2827" hits="14" branch="false" />
                <line number="2828" hits="14" branch="false" />
                <line number="2830" hits="14" branch="false" />
                <line number="2832" hits="27" branch="true" condition-coverage="100% (2/2)" />
                <line number="2833" hits="17" branch="false" />
                <line number="2835" hits="17" branch="true" condition-coverage="100% (2/2)" />
                <line number="2836" hits="4" branch="false" />
                <line number="2837" hits="48" branch="true" condition-coverage="100% (2/2)" />
                <line number="2838" hits="12" branch="false" />
                <line number="2839" hits="12" branch="false" />
                <line number="2840" hits="4" branch="false" />
                <line number="2841" hits="13" branch="false" />
                <line number="2842" hits="14" branch="false" />
              </lines>
            </method>
          </methods>
          <lines>
            <line number="2826" hits="14" branch="false" />
            <line number="2827" hits="14" branch="false" />
            <line number="2828" hits="14" branch="false" />
            <line number="2830" hits="14" branch="false" />
            <line number="2832" hits="27" branch="true" condition-coverage="100% (2/2)" />
            <line number="2833" hits="17" branch="false" />
            <line number="2835" hits="17" branch="true" condition-coverage="100% (2/2)" />
            <line number="2836" hits="4" branch="false" />
            <line number="2837" hits="48" branch="true" condition-coverage="100% (2/2)" />
            <line number="2838" hits="12" branch="false" />
            <line number="2839" hits="12" branch="false" />
            <line number="2840" hits="4" branch="false" />
            <line number="2841" hits="13" branch="false" />
            <line number="2842" hits="14" branch="false" />
          </lines>
        </class>
        <class name="SQLite.FastColumnSetter" filename="/home/runner/work/sqlite-net/sqlite-net/src/SQLite.cs" line-rate="0.7657142857142857" branch-rate="0.7741935483870968" complexity="54">
          <methods>
            <method name="GetFastSetter" signature="(SQLite.SQLiteConnection,SQLite.TableMapping/Column)" line-rate="0.722972972972973" branch-rate="0.7407407407407407" complexity="49">
              <lines>
                <line number="3510" hits="4833" branch="false" />
                <line number="3511" hits="4833" branch="false" />
                <line number="3513" hits="4833" branch="false" />
                <line number="3515" hits="4833" branch="false" />
                <line number="3516" hits="4844" branch="true" condition-coverage="100% (2/2)" />
                <line number="3517" hits="11" branch="false" />
                <line number="3518" hits="11" branch="false" />
                <line number="3519" hits="11" branch="false" />
                <line number="3521" hits="8438" branch="true" condition-coverage="100% (2/2)" />
                <line number="3522" hits="15005" branch="false" />
                <line number="3523" hits="15005" branch="false" />
                <line number="3524" hits="15005" branch="false" />
                <line number="3525" hits="3605" branch="false" />
                <line number="3526" hits="2329" branch="true" condition-coverage="100% (2/2)" />
                <line number="3527" hits="12653" branch="false" />
                <line number="3528" hits="12653" branch="false" />
                <line number="3529" hits="12653" branch="false" />
                <line number="3530" hits="1101" branch="false" />
                <line number="3531" hits="131" branch="true" condition-coverage="100% (2/2)" />
                <line number="3532" hits="20" branch="false" />
                <line number="3533" hits="20" branch="false" />
                <line number="3534" hits="20" branch="false" />
                <line number="3535" hits="4" branch="false" />
                <line number="3536" hits="124" branch="true" condition-coverage="100% (2/2)" />
                <line number="3537" hits="2" branch="false" />
                <line number="3538" hits="2" branch="false" />
                <line number="3539" hits="2" branch="false" />
                <line number="3540" hits="1" branch="false" />
                <line number="3541" hits="123" branch="true" condition-coverage="100% (2/2)" />
                <line number="3542" hits="4" branch="false" />
                <line number="3543" hits="4" branch="false" />
                <line number="3544" hits="4" branch="false" />
                <line number="3545" hits="1" branch="false" />
                <line number="3546" hits="125" branch="true" condition-coverage="100% (2/2)" />
                <line number="3547" hits="6" branch="true" condition-coverage="100% (2/2)" />
                <line number="3548" hits="4" branch="false" />
                <line number="3549" hits="4" branch="false" />
                <line number="3550" hits="4" branch="false" />
                <line number="3551" hits="2" branch="false" />
                <line number="3552" hits="2" branch="false" />
                <line number="3553" hits="4" branch="false" />
                <line number="3554" hits="4" branch="false" />
                <line number="3555" hits="2" branch="false" />
                <line number="3556" hits="4" branch="true" condition-coverage="50% (1/2)" />
                <line number="3557" hits="2" branch="false" />
                <line number="3558" hits="2" branch="false" />
                <line number="3559" hits="4" branch="false" />
                <line number="3560" hits="4" branch="false" />
                <line number="3561" hits="2" branch="false" />
                <line number="3562" hits="4" branch="false" />
                <line number="3563" hits="132" branch="true" condition-coverage="100% (2/2)" />
                <line number="3564" hits="22" branch="true" condition-coverage="100% (2/2)" />
                <line number="3565" hits="15" branch="false" />
                <line number="3566" hits="15" branch="false" />
                <line number="3567" hits="15" branch="false" />
                <line number="3568" hits="7" branch="false" />
                <line number="3569" hits="8" branch="false" />
                <line number="3570" hits="17" branch="false" />
                <line number="3571" hits="17" branch="false" />
                <line number="3572" hits="8" branch="false" />
                <line number="3573" hits="17" branch="true" condition-coverage="50% (1/2)" />
                <line number="3574" hits="8" branch="false" />
                <line number="3575" hits="8" branch="false" />
                <line number="3576" hits="17" branch="false" />
                <line number="3577" hits="17" branch="false" />
                <line number="3578" hits="8" branch="false" />
                <line number="3579" hits="15" branch="false" />
                <line number="3580" hits="104" branch="true" condition-coverage="100% (2/2)" />
                <line number="3581" hits="4" branch="false" />
                <line number="3582" hits="4" branch="false" />
                <line number="3583" hits="4" branch="false" />
                <line number="3584" hits="2" branch="false" />
                <line number="3585" hits="111" branch="true" condition-coverage="100% (2/2)" />
                <line number="3587" hits="11" branch="false" />
                <line number="3588" hits="89" branch="true" condition-coverage="50% (1/2)" />
                <line number="3589" hits="0" branch="false" />
                <line number="3590" hits="0" branch="false" />
                <line number="3591" hits="0" branch="false" />
                <line number="3592" hits="0" branch="false" />
                <line number="3593" hits="89" branch="true" condition-coverage="50% (1/2)" />
                <line number="3594" hits="0" branch="false" />
                <line number="3595" hits="0" branch="false" />
                <line number="3596" hits="0" branch="false" />
                <line number="3597" hits="0" branch="false" />
                <line number="3598" hits="0" branch="false" />
                <line number="3599" hits="128" branch="true" condition-coverage="100% (2/2)" />
                <line number="3600" hits="316" branch="false" />
                <line number="3601" hits="316" branch="false" />
                <line number="3602" hits="316" branch="false" />
                <line number="3603" hits="39" branch="false" />
                <line number="3604" hits="94" branch="true" condition-coverage="100% (2/2)" />
                <line number="3605" hits="326" branch="false" />
                <line number="3606" hits="326" branch="false" />
                <line number="3607" hits="326" branch="false" />
                <line number="3608" hits="44" branch="false" />
                <line number="3609" hits="7" branch="true" condition-coverage="100% (2/2)" />
                <line number="3610" hits="11" branch="false" />
                <line number="3611" hits="11" branch="false" />
                <line number="3612" hits="11" branch="false" />
                <line number="3613" hits="1" branch="false" />
                <line number="3614" hits="5" branch="true" condition-coverage="50% (1/2)" />
                <line number="3615" hits="0" branch="false" />
                <line number="3616" hits="0" branch="false" />
                <line number="3617" hits="0" branch="false" />
                <line number="3618" hits="0" branch="false" />
                <line number="3619" hits="5" branch="true" condition-coverage="50% (1/2)" />
                <line number="3620" hits="0" branch="false" />
                <line number="3621" hits="0" branch="false" />
                <line number="3622" hits="0" branch="false" />
                <line number="3623" hits="0" branch="false" />
                <line number="3624" hits="5" branch="true" condition-coverage="50% (1/2)" />
                <line number="3625" hits="0" branch="false" />
                <line number="3626" hits="0" branch="false" />
                <line number="3627" hits="0" branch="false" />
                <line number="3628" hits="0" branch="false" />
                <line number="3629" hits="9" branch="true" condition-coverage="100% (2/2)" />
                <line number="3630" hits="12" branch="false" />
                <line number="3631" hits="12" branch="false" />
                <line number="3632" hits="12" branch="false" />
                <line number="3633" hits="4" branch="false" />
                <line number="3634" hits="2" branch="true" condition-coverage="50% (1/2)" />
                <line number="3635" hits="3" branch="false" />
                <line number="3636" hits="3" branch="false" />
                <line number="3637" hits="3" branch="false" />
                <line number="3638" hits="3" branch="false" />
                <line number="3639" hits="1" branch="false" />
                <line number="3640" hits="0" branch="true" condition-coverage="0% (0/2)" />
                <line number="3641" hits="0" branch="false" />
                <line number="3642" hits="0" branch="false" />
                <line number="3643" hits="0" branch="false" />
                <line number="3644" hits="0" branch="false" />
                <line number="3645" hits="0" branch="false" />
                <line number="3646" hits="0" branch="true" condition-coverage="0% (0/2)" />
                <line number="3647" hits="0" branch="false" />
                <line number="3648" hits="0" branch="false" />
                <line number="3649" hits="0" branch="false" />
                <line number="3650" hits="0" branch="false" />
                <line number="3651" hits="0" branch="false" />
                <line number="3652" hits="0" branch="true" condition-coverage="0% (0/2)" />
                <line number="3653" hits="0" branch="false" />
                <line number="3654" hits="0" branch="false" />
                <line number="3655" hits="0" branch="false" />
                <line number="3656" hits="0" branch="false" />
                <line number="3657" hits="0" branch="false" />
                <line number="3658" hits="0" branch="false" />
                <line number="3660" hits="0" branch="false" />
                <line number="3661" hits="4833" branch="false" />
                <line number="3662" hits="4833" branch="false" />
              </lines>
            </method>
            <method name="CreateNullableTypedSetterDelegate" signature="(SQLite.TableMapping/Column,System.Func`3&lt;System.IntPtr,System.Int32,ColumnMemberType&gt;)" line-rate="1" branch-rate="1" complexity="4">
              <lines>
                <line number="3675" hits="1213" branch="false" />
                <line number="3676" hits="1213" branch="false" />
                <line number="3677" hits="1213" branch="false" />
                <line number="3679" hits="1221" branch="true" condition-coverage="100% (2/2)" />
                <line number="3680" hits="8" branch="false" />
                <line number="3681" hits="8" branch="false" />
                <line number="3683" hits="1221" branch="true" condition-coverage="100% (2/2)" />
                <line number="3684" hits="8" branch="false" />
                <line number="3685" hits="8" branch="false" />
                <line number="3686" hits="8" branch="false" />
                <line number="3688" hits="26" branch="false" />
                <line number="3689" hits="26" branch="false" />
                <line number="3690" hits="26" branch="true" condition-coverage="100% (2/2)" />
                <line number="3691" hits="23" branch="false" />
                <line number="3692" hits="26" branch="false" />
                <line number="3695" hits="1205" branch="false" />
                <line number="3696" hits="1213" branch="false" />
              </lines>
            </method>
            <method name="CreateTypedSetterDelegate" signature="(SQLite.TableMapping/Column,System.Func`3&lt;System.IntPtr,System.Int32,ColumnMemberType&gt;)" line-rate="1" branch-rate="1" complexity="1">
              <lines>
                <line number="3707" hits="4814" branch="false" />
                <line number="3708" hits="4814" branch="false" />
                <line number="3709" hits="4814" branch="false" />
                <line number="3710" hits="4814" branch="false" />
                <line number="3712" hits="30714" branch="false" />
                <line number="3713" hits="30714" branch="false" />
                <line number="3714" hits="30714" branch="true" condition-coverage="100% (2/2)" />
                <line number="3715" hits="28373" branch="false" />
                <line number="3716" hits="30714" branch="false" />
                <line number="3717" hits="4814" branch="false" />
              </lines>
            </method>
          </methods>
          <lines>
            <line number="3510" hits="4833" branch="false" />
            <line number="3511" hits="4833" branch="false" />
            <line number="3513" hits="4833" branch="false" />
            <line number="3515" hits="4833" branch="false" />
            <line number="3516" hits="4844" branch="true" condition-coverage="100% (2/2)" />
            <line number="3517" hits="11" branch="false" />
            <line number="3518" hits="11" branch="false" />
            <line number="3519" hits="11" branch="false" />
            <line number="3521" hits="8438" branch="true" condition-coverage="100% (2/2)" />
            <line number="3522" hits="15005" branch="false" />
            <line number="3523" hits="15005" branch="false" />
            <line number="3524" hits="15005" branch="false" />
            <line number="3525" hits="3605" branch="false" />
            <line number="3526" hits="2329" branch="true" condition-coverage="100% (2/2)" />
            <line number="3527" hits="12653" branch="false" />
            <line number="3528" hits="12653" branch="false" />
            <line number="3529" hits="12653" branch="false" />
            <line number="3530" hits="1101" branch="false" />
            <line number="3531" hits="131" branch="true" condition-coverage="100% (2/2)" />
            <line number="3532" hits="20" branch="false" />
            <line number="3533" hits="20" branch="false" />
            <line number="3534" hits="20" branch="false" />
            <line number="3535" hits="4" branch="false" />
            <line number="3536" hits="124" branch="true" condition-coverage="100% (2/2)" />
            <line number="3537" hits="2" branch="false" />
            <line number="3538" hits="2" branch="false" />
            <line number="3539" hits="2" branch="false" />
            <line number="3540" hits="1" branch="false" />
            <line number="3541" hits="123" branch="true" condition-coverage="100% (2/2)" />
            <line number="3542" hits="4" branch="false" />
            <line number="3543" hits="4" branch="false" />
            <line number="3544" hits="4" branch="false" />
            <line number="3545" hits="1" branch="false" />
            <line number="3546" hits="125" branch="true" condition-coverage="100% (2/2)" />
            <line number="3547" hits="6" branch="true" condition-coverage="100% (2/2)" />
            <line number="3548" hits="4" branch="false" />
            <line number="3549" hits="4" branch="false" />
            <line number="3550" hits="4" branch="false" />
            <line number="3551" hits="2" branch="false" />
            <line number="3552" hits="2" branch="false" />
            <line number="3553" hits="4" branch="false" />
            <line number="3554" hits="4" branch="false" />
            <line number="3555" hits="2" branch="false" />
            <line number="3556" hits="4" branch="true" condition-coverage="50% (1/2)" />
            <line number="3557" hits="2" branch="false" />
            <line number="3558" hits="2" branch="false" />
            <line number="3559" hits="4" branch="false" />
            <line number="3560" hits="4" branch="false" />
            <line number="3561" hits="2" branch="false" />
            <line number="3562" hits="4" branch="false" />
            <line number="3563" hits="132" branch="true" condition-coverage="100% (2/2)" />
            <line number="3564" hits="22" branch="true" condition-coverage="100% (2/2)" />
            <line number="3565" hits="15" branch="false" />
            <line number="3566" hits="15" branch="false" />
            <line number="3567" hits="15" branch="false" />
            <line number="3568" hits="7" branch="false" />
            <line number="3569" hits="8" branch="false" />
            <line number="3570" hits="17" branch="false" />
            <line number="3571" hits="17" branch="false" />
            <line number="3572" hits="8" branch="false" />
            <line number="3573" hits="17" branch="true" condition-coverage="50% (1/2)" />
            <line number="3574" hits="8" branch="false" />
            <line number="3575" hits="8" branch="false" />
            <line number="3576" hits="17" branch="false" />
            <line number="3577" hits="17" branch="false" />
            <line number="3578" hits="8" branch="false" />
            <line number="3579" hits="15" branch="false" />
            <line number="3580" hits="104" branch="true" condition-coverage="100% (2/2)" />
            <line number="3581" hits="4" branch="false" />
            <line number="3582" hits="4" branch="false" />
            <line number="3583" hits="4" branch="false" />
            <line number="3584" hits="2" branch="false" />
            <line number="3585" hits="111" branch="true" condition-coverage="100% (2/2)" />
            <line number="3587" hits="11" branch="false" />
            <line number="3588" hits="89" branch="true" condition-coverage="50% (1/2)" />
            <line number="3589" hits="0" branch="false" />
            <line number="3590" hits="0" branch="false" />
            <line number="3591" hits="0" branch="false" />
            <line number="3592" hits="0" branch="false" />
            <line number="3593" hits="89" branch="true" condition-coverage="50% (1/2)" />
            <line number="3594" hits="0" branch="false" />
            <line number="3595" hits="0" branch="false" />
            <line number="3596" hits="0" branch="false" />
            <line number="3597" hits="0" branch="false" />
            <line number="3598" hits="0" branch="false" />
            <line number="3599" hits="128" branch="true" condition-coverage="100% (2/2)" />
            <line number="3600" hits="316" branch="false" />
            <line number="3601" hits="316" branch="false" />
            <line number="3602" hits="316" branch="false" />
            <line number="3603" hits="39" branch="false" />
            <line number="3604" hits="94" branch="true" condition-coverage="100% (2/2)" />
            <line number="3605" hits="326" branch="false" />
            <line number="3606" hits="326" branch="false" />
            <line number="3607" hits="326" branch="false" />
            <line number="3608" hits="44" branch="false" />
            <line number="3609" hits="7" branch="true" condition-coverage="100% (2/2)" />
            <line number="3610" hits="11" branch="false" />
            <line number="3611" hits="11" branch="false" />
            <line number="3612" hits="11" branch="false" />
            <line number="3613" hits="1" branch="false" />
            <line number="3614" hits="5" branch="true" condition-coverage="50% (1/2)" />
            <line number="3615" hits="0" branch="false" />
            <line number="3616" hits="0" branch="false" />
            <line number="3617" hits="0" branch="false" />
            <line number="3618" hits="0" branch="false" />
            <line number="3619" hits="5" branch="true" condition-coverage="50% (1/2)" />
            <line number="3620" hits="0" branch="false" />
            <line number="3621" hits="0" branch="false" />
            <line number="3622" hits="0" branch="false" />
            <line number="3623" hits="0" branch="false" />
            <line number="3624" hits="5" branch="true" condition-coverage="50% (1/2)" />
            <line number="3625" hits="0" branch="false" />
            <line number="3626" hits="0" branch="false" />
            <line number="3627" hits="0" branch="false" />
            <line number="3628" hits="0" branch="false" />
            <line number="3629" hits="9" branch="true" condition-coverage="100% (2/2)" />
            <line number="3630" hits="12" branch="false" />
            <line number="3631" hits="12" branch="false" />
            <line number="3632" hits="12" branch="false" />
            <line number="3633" hits="4" branch="false" />
            <line number="3634" hits="2" branch="true" condition-coverage="50% (1/2)" />
            <line number="3635" hits="3" branch="false" />
            <line number="3636" hits="3" branch="false" />
            <line number="3637" hits="3" branch="false" />
            <line number="3638" hits="3" branch="false" />
            <line number="3639" hits="1" branch="false" />
            <line number="3640" hits="0" branch="true" condition-coverage="0% (0/2)" />
            <line number="3641" hits="0" branch="false" />
            <line number="3642" hits="0" branch="false" />
            <line number="3643" hits="0" branch="false" />
            <line number="3644" hits="0" branch="false" />
            <line number="3645" hits="0" branch="false" />
            <line number="3646" hits="0" branch="true" condition-coverage="0% (0/2)" />
            <line number="3647" hits="0" branch="false" />
            <line number="3648" hits="0" branch="false" />
            <line number="3649" hits="0" branch="false" />
            <line number="3650" hits="0" branch="false" />
            <line number="3651" hits="0" branch="false" />
            <line number="3652" hits="0" branch="true" condition-coverage="0% (0/2)" />
            <line number="3653" hits="0" branch="false" />
            <line number="3654" hits="0" branch="false" />
            <line number="3655" hits="0" branch="false" />
            <line number="3656" hits="0" branch="false" />
            <line number="3657" hits="0" branch="false" />
            <line number="3658" hits="0" branch="false" />
            <line number="3660" hits="0" branch="false" />
            <line number="3661" hits="4833" branch="false" />
            <line number="3662" hits="4833" branch="false" />
            <line number="3675" hits="1213" branch="false" />
            <line number="3676" hits="1213" branch="false" />
            <line number="3677" hits="1213" branch="false" />
            <line number="3679" hits="1221" branch="true" condition-coverage="100% (2/2)" />
            <line number="3680" hits="8" branch="false" />
            <line number="3681" hits="8" branch="false" />
            <line number="3683" hits="1221" branch="true" condition-coverage="100% (2/2)" />
            <line number="3684" hits="8" branch="false" />
            <line number="3685" hits="8" branch="false" />
            <line number="3686" hits="8" branch="false" />
            <line number="3688" hits="26" branch="false" />
            <line number="3689" hits="26" branch="false" />
            <line number="3690" hits="26" branch="true" condition-coverage="100% (2/2)" />
            <line number="3691" hits="23" branch="false" />
            <line number="3692" hits="26" branch="false" />
            <line number="3695" hits="1205" branch="false" />
            <line number="3696" hits="1213" branch="false" />
            <line number="3707" hits="4814" branch="false" />
            <line number="3708" hits="4814" branch="false" />
            <line number="3709" hits="4814" branch="false" />
            <line number="3710" hits="4814" branch="false" />
            <line number="3712" hits="30714" branch="false" />
            <line number="3713" hits="30714" branch="false" />
            <line number="3714" hits="30714" branch="true" condition-coverage="100% (2/2)" />
            <line number="3715" hits="28373" branch="false" />
            <line number="3716" hits="30714" branch="false" />
            <line number="3717" hits="4814" branch="false" />
          </lines>
        </class>
        <class name="SQLite.IndexedAttribute" filename="/home/runner/work/sqlite-net/sqlite-net/src/SQLite.cs" line-rate="1" branch-rate="1" complexity="2">
          <methods>
            <method name=".ctor" signature="()" line-rate="1" branch-rate="1" complexity="1">
              <lines>
                <line number="2483" hits="202" branch="false" />
                <line number="2484" hits="202" branch="false" />
                <line number="2485" hits="202" branch="false" />
              </lines>
            </method>
            <method name=".ctor" signature="(System.String,System.Int32)" line-rate="1" branch-rate="1" complexity="1">
              <lines>
                <line number="2487" hits="42" branch="false" />
                <line number="2488" hits="42" branch="false" />
                <line number="2489" hits="42" branch="false" />
                <line number="2490" hits="42" branch="false" />
                <line number="2491" hits="42" branch="false" />
              </lines>
            </method>
          </methods>
          <lines>
            <line number="2483" hits="202" branch="false" />
            <line number="2484" hits="202" branch="false" />
            <line number="2485" hits="202" branch="false" />
            <line number="2487" hits="42" branch="false" />
            <line number="2488" hits="42" branch="false" />
            <line number="2489" hits="42" branch="false" />
            <line number="2490" hits="42" branch="false" />
            <line number="2491" hits="42" branch="false" />
          </lines>
        </class>
        <class name="SQLite.MaxLengthAttribute" filename="/home/runner/work/sqlite-net/sqlite-net/src/SQLite.cs" line-rate="1" branch-rate="1" complexity="1">
          <methods>
            <method name=".ctor" signature="(System.Int32)" line-rate="1" branch-rate="1" complexity="1">
              <lines>
                <line number="2513" hits="5" branch="false" />
                <line number="2514" hits="5" branch="false" />
                <line number="2515" hits="5" branch="false" />
                <line number="2516" hits="5" branch="false" />
              </lines>
            </method>
          </methods>
          <lines>
            <line number="2513" hits="5" branch="false" />
            <line number="2514" hits="5" branch="false" />
            <line number="2515" hits="5" branch="false" />
            <line number="2516" hits="5" branch="false" />
          </lines>
        </class>
        <class name="SQLite.NotifyTableChangedEventArgs" filename="/home/runner/work/sqlite-net/sqlite-net/src/SQLite.cs" line-rate="1" branch-rate="1" complexity="1">
          <methods>
            <method name=".ctor" signature="(SQLite.TableMapping,SQLite.NotifyTableChangedAction)" line-rate="1" branch-rate="1" complexity="1">
              <lines>
                <line number="2273" hits="26" branch="false" />
                <line number="2274" hits="26" branch="false" />
                <line number="2275" hits="26" branch="false" />
                <line number="2276" hits="26" branch="false" />
                <line number="2277" hits="26" branch="false" />
              </lines>
            </method>
          </methods>
          <lines>
            <line number="2273" hits="26" branch="false" />
            <line number="2274" hits="26" branch="false" />
            <line number="2275" hits="26" branch="false" />
            <line number="2276" hits="26" branch="false" />
            <line number="2277" hits="26" branch="false" />
          </lines>
        </class>
        <class name="SQLite.NotNullConstraintViolationException" filename="/home/runner/work/sqlite-net/sqlite-net/src/SQLite.cs" line-rate="1" branch-rate="1" complexity="7">
          <methods>
            <method name=".ctor" signature="(SQLite.SQLite3/Result,System.String)" line-rate="1" branch-rate="1" complexity="1">
              <lines>
                <line number="82" hits="7" branch="false" />
                <line number="83" hits="7" branch="false" />
                <line number="85" hits="7" branch="false" />
              </lines>
            </method>
            <method name=".ctor" signature="(SQLite.SQLite3/Result,System.String,SQLite.TableMapping,System.Object)" line-rate="1" branch-rate="1" complexity="3">
              <lines>
                <line number="88" hits="12" branch="false" />
                <line number="89" hits="12" branch="false" />
                <line number="90" hits="17" branch="true" condition-coverage="100% (2/2)" />
                <line number="91" hits="5" branch="false" />
                <line number="92" hits="17" branch="true" condition-coverage="100% (2/2)" />
                <line number="93" hits="5" branch="false" />
                <line number="94" hits="5" branch="false" />
                <line number="95" hits="12" branch="false" />
              </lines>
            </method>
            <method name="New" signature="(SQLite.SQLite3/Result,System.String)" line-rate="1" branch-rate="1" complexity="1">
              <lines>
                <line number="98" hits="7" branch="false" />
                <line number="99" hits="7" branch="false" />
                <line number="100" hits="7" branch="false" />
              </lines>
            </method>
            <method name="New" signature="(SQLite.SQLite3/Result,System.String,SQLite.TableMapping,System.Object)" line-rate="1" branch-rate="1" complexity="1">
              <lines>
                <line number="103" hits="3" branch="false" />
                <line number="104" hits="3" branch="false" />
                <line number="105" hits="3" branch="false" />
              </lines>
            </method>
            <method name="New" signature="(SQLite.SQLiteException,SQLite.TableMapping,System.Object)" line-rate="1" branch-rate="1" complexity="1">
              <lines>
                <line number="108" hits="2" branch="false" />
                <line number="109" hits="2" branch="false" />
                <line number="110" hits="2" branch="false" />
              </lines>
            </method>
          </methods>
          <lines>
            <line number="82" hits="7" branch="false" />
            <line number="83" hits="7" branch="false" />
            <line number="85" hits="7" branch="false" />
            <line number="88" hits="12" branch="false" />
            <line number="89" hits="12" branch="false" />
            <line number="90" hits="17" branch="true" condition-coverage="100% (2/2)" />
            <line number="91" hits="5" branch="false" />
            <line number="92" hits="17" branch="true" condition-coverage="100% (2/2)" />
            <line number="93" hits="5" branch="false" />
            <line number="94" hits="5" branch="false" />
            <line number="95" hits="12" branch="false" />
            <line number="98" hits="7" branch="false" />
            <line number="99" hits="7" branch="false" />
            <line number="100" hits="7" branch="false" />
            <line number="103" hits="3" branch="false" />
            <line number="104" hits="3" branch="false" />
            <line number="105" hits="3" branch="false" />
            <line number="108" hits="2" branch="false" />
            <line number="109" hits="2" branch="false" />
            <line number="110" hits="2" branch="false" />
          </lines>
        </class>
        <class name="SQLite.Orm" filename="/home/runner/work/sqlite-net/sqlite-net/src/SQLite.cs" line-rate="0.8849557522123894" branch-rate="0.8709677419354839" complexity="64">
          <methods>
            <method name="GetType" signature="(System.Object)" line-rate="0.75" branch-rate="0.5" complexity="3">
              <lines>
                <line number="2881" hits="13089" branch="false" />
                <line number="2882" hits="13089" branch="true" condition-coverage="50% (1/2)" />
                <line number="2883" hits="0" branch="false" />
                <line number="2884" hits="13089" branch="false" />
                <line number="2885" hits="13089" branch="true" condition-coverage="50% (1/2)" />
                <line number="2886" hits="0" branch="false" />
                <line number="2887" hits="13089" branch="false" />
                <line number="2888" hits="13089" branch="false" />
              </lines>
            </method>
            <method name="SqlDecl" signature="(SQLite.TableMapping/Column,System.Boolean,System.Boolean)" line-rate="1" branch-rate="1" complexity="5">
              <lines>
                <line number="2891" hits="1030" branch="false" />
                <line number="2892" hits="1030" branch="false" />
                <line number="2894" hits="1324" branch="true" condition-coverage="100% (2/2)" />
                <line number="2895" hits="294" branch="false" />
                <line number="2896" hits="294" branch="false" />
                <line number="2897" hits="1281" branch="true" condition-coverage="100% (2/2)" />
                <line number="2898" hits="251" branch="false" />
                <line number="2899" hits="251" branch="false" />
                <line number="2900" hits="1348" branch="true" condition-coverage="100% (2/2)" />
                <line number="2901" hits="318" branch="false" />
                <line number="2902" hits="318" branch="false" />
                <line number="2903" hits="1033" branch="true" condition-coverage="100% (2/2)" />
                <line number="2904" hits="3" branch="false" />
                <line number="2905" hits="3" branch="false" />
                <line number="2907" hits="1030" branch="false" />
                <line number="2908" hits="1030" branch="false" />
              </lines>
            </method>
            <method name="SqlType" signature="(SQLite.TableMapping/Column,System.Boolean,System.Boolean)" line-rate="0.9285714285714286" branch-rate="0.9615384615384616" complexity="31">
              <lines>
                <line number="2911" hits="1030" branch="false" />
                <line number="2912" hits="1030" branch="false" />
                <line number="2913" hits="1479" branch="true" condition-coverage="100% (2/2)" />
                <line number="2914" hits="449" branch="false" />
                <line number="2916" hits="631" branch="true" condition-coverage="100% (2/2)" />
                <line number="2917" hits="50" branch="false" />
                <line number="2919" hits="970" branch="true" condition-coverage="100% (2/2)" />
                <line number="2920" hits="439" branch="false" />
                <line number="2922" hits="439" branch="true" condition-coverage="100% (2/2)" />
                <line number="2923" hits="275" branch="false" />
                <line number="2925" hits="164" branch="false" />
                <line number="2927" hits="96" branch="true" condition-coverage="100% (2/2)" />
                <line number="2928" hits="4" branch="true" condition-coverage="100% (2/2)" />
                <line number="2930" hits="136" branch="true" condition-coverage="100% (2/2)" />
                <line number="2931" hits="48" branch="true" condition-coverage="100% (2/2)" />
                <line number="2933" hits="42" branch="true" condition-coverage="100% (2/2)" />
                <line number="2934" hits="2" branch="false" />
                <line number="2936" hits="69" branch="true" condition-coverage="100% (2/2)" />
                <line number="2937" hits="31" branch="true" condition-coverage="100% (2/2)" />
                <line number="2938" hits="3" branch="false" />
                <line number="2940" hits="28" branch="false" />
                <line number="2942" hits="11" branch="true" condition-coverage="100% (2/2)" />
                <line number="2943" hits="4" branch="false" />
                <line number="2945" hits="6" branch="true" condition-coverage="50% (1/2)" />
                <line number="2946" hits="3" branch="false" />
                <line number="2948" hits="0" branch="false" />
                <line number="2949" hits="0" branch="false" />
                <line number="2951" hits="1030" branch="false" />
              </lines>
            </method>
            <method name="IsPK" signature="(System.Reflection.MemberInfo)" line-rate="1" branch-rate="1" complexity="2">
              <lines>
                <line number="2954" hits="187" branch="false" />
                <line number="2955" hits="300" branch="true" condition-coverage="100% (2/2)" />
                <line number="2956" hits="187" branch="false" />
              </lines>
            </method>
            <method name="Collation" signature="(System.Reflection.MemberInfo)" line-rate="1" branch-rate="0.6666666666666666" complexity="4">
              <lines>
                <line number="2959" hits="187" branch="false" />
                <line number="2963" hits="187" branch="true" condition-coverage="100% (2/2)" />
                <line number="2964" hits="187" branch="false" />
                <line number="2965" hits="322" branch="false" />
                <line number="2966" hits="190" branch="false" />
                <line number="2967" hits="190" branch="false" />
                <line number="2968" hits="190" branch="true" condition-coverage="50% (2/4)" />
                <line number="2969" hits="190" branch="false" />
                <line number="2970" hits="187" branch="false" />
                <line number="2972" hits="187" branch="false" />
              </lines>
            </method>
            <method name="IsAutoInc" signature="(System.Reflection.MemberInfo)" line-rate="1" branch-rate="1" complexity="2">
              <lines>
                <line number="2975" hits="187" branch="false" />
                <line number="2976" hits="303" branch="true" condition-coverage="100% (2/2)" />
                <line number="2977" hits="187" branch="false" />
              </lines>
            </method>
            <method name="GetField" signature="(System.Reflection.TypeInfo,System.String)" line-rate="0" branch-rate="0" complexity="2">
              <lines>
                <line number="2980" hits="0" branch="false" />
                <line number="2981" hits="0" branch="false" />
                <line number="2982" hits="0" branch="true" condition-coverage="0% (0/2)" />
                <line number="2983" hits="0" branch="false" />
                <line number="2984" hits="0" branch="false" />
                <line number="2985" hits="0" branch="false" />
              </lines>
            </method>
            <method name="GetProperty" signature="(System.Reflection.TypeInfo,System.String)" line-rate="1" branch-rate="1" complexity="2">
              <lines>
                <line number="2988" hits="25" branch="false" />
                <line number="2989" hits="25" branch="false" />
                <line number="2990" hits="25" branch="true" condition-coverage="100% (2/2)" />
                <line number="2991" hits="19" branch="false" />
                <line number="2992" hits="6" branch="false" />
                <line number="2993" hits="25" branch="false" />
              </lines>
            </method>
            <method name="InflateAttribute" signature="(System.Reflection.CustomAttributeData)" line-rate="0.8666666666666667" branch-rate="0.75" complexity="5">
              <lines>
                <line number="2996" hits="253" branch="false" />
                <line number="2997" hits="253" branch="false" />
                <line number="2998" hits="253" branch="false" />
                <line number="3002" hits="350" branch="false" />
                <line number="3003" hits="253" branch="false" />
                <line number="3004" hits="816" branch="true" condition-coverage="100% (2/2)" />
                <line number="3005" hits="19" branch="true" condition-coverage="50% (1/2)" />
                <line number="3006" hits="0" branch="false" />
                <line number="3007" hits="0" branch="false" />
                <line number="3008" hits="19" branch="false" />
                <line number="3009" hits="19" branch="false" />
                <line number="3010" hits="19" branch="false" />
                <line number="3011" hits="19" branch="false" />
                <line number="3013" hits="253" branch="false" />
                <line number="3014" hits="253" branch="false" />
              </lines>
            </method>
            <method name="GetIndices" signature="(System.Reflection.MemberInfo)" line-rate="1" branch-rate="1" complexity="2">
              <lines>
                <line number="3017" hits="187" branch="false" />
                <line number="3021" hits="187" branch="false" />
                <line number="3022" hits="187" branch="true" condition-coverage="100% (2/2)" />
                <line number="3023" hits="187" branch="false" />
                <line number="3024" hits="1425" branch="false" />
                <line number="3025" hits="427" branch="false" />
                <line number="3027" hits="187" branch="false" />
              </lines>
            </method>
            <method name="MaxStringLength" signature="(System.Reflection.MemberInfo)" line-rate="1" branch-rate="1" complexity="3">
              <lines>
                <line number="3030" hits="187" branch="false" />
                <line number="3034" hits="319" branch="false" />
                <line number="3035" hits="192" branch="true" condition-coverage="100% (2/2)" />
                <line number="3036" hits="5" branch="false" />
                <line number="3037" hits="5" branch="false" />
                <line number="3039" hits="182" branch="false" />
                <line number="3041" hits="187" branch="false" />
              </lines>
            </method>
            <method name="MaxStringLength" signature="(System.Reflection.PropertyInfo)" line-rate="0" branch-rate="1" complexity="1">
              <lines>
                <line number="3043" hits="0" branch="false" />
              </lines>
            </method>
            <method name="IsMarkedNotNull" signature="(System.Reflection.MemberInfo)" line-rate="1" branch-rate="1" complexity="2">
              <lines>
                <line number="3046" hits="131" branch="false" />
                <line number="3047" hits="171" branch="true" condition-coverage="100% (2/2)" />
                <line number="3048" hits="131" branch="false" />
              </lines>
            </method>
          </methods>
          <lines>
            <line number="2881" hits="13089" branch="false" />
            <line number="2882" hits="13089" branch="true" condition-coverage="50% (1/2)" />
            <line number="2883" hits="0" branch="false" />
            <line number="2884" hits="13089" branch="false" />
            <line number="2885" hits="13089" branch="true" condition-coverage="50% (1/2)" />
            <line number="2886" hits="0" branch="false" />
            <line number="2887" hits="13089" branch="false" />
            <line number="2888" hits="13089" branch="false" />
            <line number="2891" hits="1030" branch="false" />
            <line number="2892" hits="1030" branch="false" />
            <line number="2894" hits="1324" branch="true" condition-coverage="100% (2/2)" />
            <line number="2895" hits="294" branch="false" />
            <line number="2896" hits="294" branch="false" />
            <line number="2897" hits="1281" branch="true" condition-coverage="100% (2/2)" />
            <line number="2898" hits="251" branch="false" />
            <line number="2899" hits="251" branch="false" />
            <line number="2900" hits="1348" branch="true" condition-coverage="100% (2/2)" />
            <line number="2901" hits="318" branch="false" />
            <line number="2902" hits="318" branch="false" />
            <line number="2903" hits="1033" branch="true" condition-coverage="100% (2/2)" />
            <line number="2904" hits="3" branch="false" />
            <line number="2905" hits="3" branch="false" />
            <line number="2907" hits="1030" branch="false" />
            <line number="2908" hits="1030" branch="false" />
            <line number="2911" hits="1030" branch="false" />
            <line number="2912" hits="1030" branch="false" />
            <line number="2913" hits="1479" branch="true" condition-coverage="100% (2/2)" />
            <line number="2914" hits="449" branch="false" />
            <line number="2916" hits="631" branch="true" condition-coverage="100% (2/2)" />
            <line number="2917" hits="50" branch="false" />
            <line number="2919" hits="970" branch="true" condition-coverage="100% (2/2)" />
            <line number="2920" hits="439" branch="false" />
            <line number="2922" hits="439" branch="true" condition-coverage="100% (2/2)" />
            <line number="2923" hits="275" branch="false" />
            <line number="2925" hits="164" branch="false" />
            <line number="2927" hits="96" branch="true" condition-coverage="100% (2/2)" />
            <line number="2928" hits="4" branch="true" condition-coverage="100% (2/2)" />
            <line number="2930" hits="136" branch="true" condition-coverage="100% (2/2)" />
            <line number="2931" hits="48" branch="true" condition-coverage="100% (2/2)" />
            <line number="2933" hits="42" branch="true" condition-coverage="100% (2/2)" />
            <line number="2934" hits="2" branch="false" />
            <line number="2936" hits="69" branch="true" condition-coverage="100% (2/2)" />
            <line number="2937" hits="31" branch="true" condition-coverage="100% (2/2)" />
            <line number="2938" hits="3" branch="false" />
            <line number="2940" hits="28" branch="false" />
            <line number="2942" hits="11" branch="true" condition-coverage="100% (2/2)" />
            <line number="2943" hits="4" branch="false" />
            <line number="2945" hits="6" branch="true" condition-coverage="50% (1/2)" />
            <line number="2946" hits="3" branch="false" />
            <line number="2948" hits="0" branch="false" />
            <line number="2949" hits="0" branch="false" />
            <line number="2951" hits="1030" branch="false" />
            <line number="2954" hits="187" branch="false" />
            <line number="2955" hits="300" branch="true" condition-coverage="100% (2/2)" />
            <line number="2956" hits="187" branch="false" />
            <line number="2959" hits="187" branch="false" />
            <line number="2963" hits="187" branch="true" condition-coverage="100% (2/2)" />
            <line number="2964" hits="187" branch="false" />
            <line number="2965" hits="322" branch="false" />
            <line number="2966" hits="190" branch="false" />
            <line number="2967" hits="190" branch="false" />
            <line number="2968" hits="190" branch="true" condition-coverage="50% (2/4)" />
            <line number="2969" hits="190" branch="false" />
            <line number="2970" hits="187" branch="false" />
            <line number="2972" hits="187" branch="false" />
            <line number="2975" hits="187" branch="false" />
            <line number="2976" hits="303" branch="true" condition-coverage="100% (2/2)" />
            <line number="2977" hits="187" branch="false" />
            <line number="2980" hits="0" branch="false" />
            <line number="2981" hits="0" branch="false" />
            <line number="2982" hits="0" branch="true" condition-coverage="0% (0/2)" />
            <line number="2983" hits="0" branch="false" />
            <line number="2984" hits="0" branch="false" />
            <line number="2985" hits="0" branch="false" />
            <line number="2988" hits="25" branch="false" />
            <line number="2989" hits="25" branch="false" />
            <line number="2990" hits="25" branch="true" condition-coverage="100% (2/2)" />
            <line number="2991" hits="19" branch="false" />
            <line number="2992" hits="6" branch="false" />
            <line number="2993" hits="25" branch="false" />
            <line number="2996" hits="253" branch="false" />
            <line number="2997" hits="253" branch="false" />
            <line number="2998" hits="253" branch="false" />
            <line number="3002" hits="350" branch="false" />
            <line number="3003" hits="253" branch="false" />
            <line number="3004" hits="816" branch="true" condition-coverage="100% (2/2)" />
            <line number="3005" hits="19" branch="true" condition-coverage="50% (1/2)" />
            <line number="3006" hits="0" branch="false" />
            <line number="3007" hits="0" branch="false" />
            <line number="3008" hits="19" branch="false" />
            <line number="3009" hits="19" branch="false" />
            <line number="3010" hits="19" branch="false" />
            <line number="3011" hits="19" branch="false" />
            <line number="3013" hits="253" branch="false" />
            <line number="3014" hits="253" branch="false" />
            <line number="3017" hits="187" branch="false" />
            <line number="3021" hits="187" branch="false" />
            <line number="3022" hits="187" branch="true" condition-coverage="100% (2/2)" />
            <line number="3023" hits="187" branch="false" />
            <line number="3024" hits="1425" branch="false" />
            <line number="3025" hits="427" branch="false" />
            <line number="3027" hits="187" branch="false" />
            <line number="3030" hits="187" branch="false" />
            <line number="3034" hits="319" branch="false" />
            <line number="3035" hits="192" branch="true" condition-coverage="100% (2/2)" />
            <line number="3036" hits="5" branch="false" />
            <line number="3037" hits="5" branch="false" />
            <line number="3039" hits="182" branch="false" />
            <line number="3041" hits="187" branch="false" />
            <line number="3043" hits="0" branch="false" />
            <line number="3046" hits="131" branch="false" />
            <line number="3047" hits="171" branch="true" condition-coverage="100% (2/2)" />
            <line number="3048" hits="131" branch="false" />
          </lines>
        </class>
        <class name="SQLite.PreparedSqlLiteInsertCommand" filename="/home/runner/work/sqlite-net/sqlite-net/src/SQLite.cs" line-rate="0.9230769230769231" branch-rate="0.85" complexity="17">
          <methods>
            <method name=".ctor" signature="(SQLite.SQLiteConnection,System.String)" line-rate="1" branch-rate="1" complexity="1">
              <lines>
                <line number="3734" hits="175" branch="false" />
                <line number="3735" hits="175" branch="false" />
                <line number="3736" hits="175" branch="false" />
                <line number="3737" hits="175" branch="false" />
                <line number="3738" hits="175" branch="false" />
              </lines>
            </method>
            <method name="ExecuteNonQuery" signature="(System.Object[])" line-rate="0.875" branch-rate="0.8333333333333334" complexity="12">
              <lines>
                <line number="3741" hits="13074" branch="false" />
                <line number="3742" hits="13074" branch="true" condition-coverage="50% (1/2)" />
                <line number="3743" hits="0" branch="false" />
                <line number="3746" hits="14824" branch="true" condition-coverage="100% (2/2)" />
                <line number="3747" hits="1750" branch="true" condition-coverage="100% (2/2)" />
                <line number="3748" hits="1750" branch="false" />
                <line number="3750" hits="13074" branch="false" />
                <line number="3752" hits="13247" branch="true" condition-coverage="100% (2/2)" />
                <line number="3753" hits="173" branch="false" />
                <line number="3754" hits="173" branch="false" />
                <line number="3755" hits="173" branch="false" />
                <line number="3758" hits="26148" branch="true" condition-coverage="50% (1/2)" />
                <line number="3759" hits="78120" branch="true" condition-coverage="100% (2/2)" />
                <line number="3760" hits="17324" branch="false" />
                <line number="3761" hits="17324" branch="false" />
                <line number="3762" hits="13074" branch="false" />
                <line number="3763" hits="13074" branch="false" />
                <line number="3765" hits="26141" branch="true" condition-coverage="100% (2/2)" />
                <line number="3766" hits="13067" branch="false" />
                <line number="3767" hits="13067" branch="false" />
                <line number="3768" hits="13067" branch="false" />
                <line number="3770" hits="7" branch="true" condition-coverage="50% (1/2)" />
                <line number="3771" hits="0" branch="false" />
                <line number="3772" hits="0" branch="false" />
                <line number="3773" hits="0" branch="false" />
                <line number="3775" hits="10" branch="true" condition-coverage="100% (2/2)" />
                <line number="3776" hits="3" branch="false" />
                <line number="3777" hits="3" branch="false" />
                <line number="3779" hits="4" branch="false" />
                <line number="3780" hits="4" branch="false" />
                <line number="3781" hits="4" branch="false" />
                <line number="3783" hits="13067" branch="false" />
              </lines>
            </method>
            <method name="Dispose" signature="()" line-rate="1" branch-rate="1" complexity="1">
              <lines>
                <line number="3786" hits="86" branch="false" />
                <line number="3787" hits="86" branch="false" />
                <line number="3788" hits="86" branch="false" />
                <line number="3789" hits="86" branch="false" />
              </lines>
            </method>
            <method name="Dispose" signature="(System.Boolean)" line-rate="1" branch-rate="1" complexity="2">
              <lines>
                <line number="3792" hits="135" branch="false" />
                <line number="3793" hits="135" branch="false" />
                <line number="3794" hits="135" branch="false" />
                <line number="3795" hits="135" branch="false" />
                <line number="3796" hits="268" branch="true" condition-coverage="100% (2/2)" />
                <line number="3797" hits="133" branch="false" />
                <line number="3798" hits="133" branch="false" />
                <line number="3799" hits="135" branch="false" />
              </lines>
            </method>
            <method name="Finalize" signature="()" line-rate="1" branch-rate="1" complexity="1">
              <lines>
                <line number="3802" hits="98" branch="false" />
                <line number="3803" hits="49" branch="false" />
                <line number="3804" hits="98" branch="false" />
              </lines>
            </method>
          </methods>
          <lines>
            <line number="3734" hits="175" branch="false" />
            <line number="3735" hits="175" branch="false" />
            <line number="3736" hits="175" branch="false" />
            <line number="3737" hits="175" branch="false" />
            <line number="3738" hits="175" branch="false" />
            <line number="3741" hits="13074" branch="false" />
            <line number="3742" hits="13074" branch="true" condition-coverage="50% (1/2)" />
            <line number="3743" hits="0" branch="false" />
            <line number="3746" hits="14824" branch="true" condition-coverage="100% (2/2)" />
            <line number="3747" hits="1750" branch="true" condition-coverage="100% (2/2)" />
            <line number="3748" hits="1750" branch="false" />
            <line number="3750" hits="13074" branch="false" />
            <line number="3752" hits="13247" branch="true" condition-coverage="100% (2/2)" />
            <line number="3753" hits="173" branch="false" />
            <line number="3754" hits="173" branch="false" />
            <line number="3755" hits="173" branch="false" />
            <line number="3758" hits="26148" branch="true" condition-coverage="50% (1/2)" />
            <line number="3759" hits="78120" branch="true" condition-coverage="100% (2/2)" />
            <line number="3760" hits="17324" branch="false" />
            <line number="3761" hits="17324" branch="false" />
            <line number="3762" hits="13074" branch="false" />
            <line number="3763" hits="13074" branch="false" />
            <line number="3765" hits="26141" branch="true" condition-coverage="100% (2/2)" />
            <line number="3766" hits="13067" branch="false" />
[...]
            <line number="4025" hits="19" branch="false" />
            <line number="4026" hits="19" branch="false" />
            <line number="4027" hits="19" branch="false" />
            <line number="4028" hits="19" branch="false" />
            <line number="4030" hits="0" branch="false" />
            <line number="4031" hits="0" branch="false" />
            <line number="4034" hits="0" branch="false" />
            <line number="4035" hits="0" branch="false" />
            <line number="4037" hits="19" branch="false" />
            <line number="4040" hits="587" branch="false" />
            <line number="4041" hits="1174" branch="true" condition-coverage="50% (1/2)" />
            <line number="4042" hits="587" branch="false" />
            <line number="4043" hits="587" branch="false" />
            <line number="4044" hits="0" branch="false" />
            <line number="4045" hits="0" branch="false" />
            <line number="4046" hits="0" branch="false" />
            <line number="4047" hits="587" branch="false" />
            <line number="4078" hits="679" branch="false" />
            <line number="4079" hits="679" branch="true" condition-coverage="50% (1/2)" />
            <line number="4080" hits="0" branch="false" />
            <line number="4082" hits="679" branch="false" />
            <line number="4083" hits="679" branch="false" />
            <line number="4084" hits="679" branch="false" />
            <line number="4085" hits="1266" branch="true" condition-coverage="100% (2/2)" />
            <line number="4086" hits="587" branch="false" />
            <line number="4087" hits="587" branch="false" />
            <line number="4088" hits="587" branch="false" />
            <line number="4089" hits="699" branch="true" condition-coverage="100% (2/2)" />
            <line number="4090" hits="40" branch="false" />
            <line number="4091" hits="20" branch="false" />
            <line number="4092" hits="20" branch="false" />
            <line number="4093" hits="713" branch="true" condition-coverage="100% (2/2)" />
            <line number="4094" hits="34" branch="false" />
            <line number="4095" hits="34" branch="false" />
            <line number="4096" hits="683" branch="true" condition-coverage="100% (2/2)" />
            <line number="4097" hits="7" branch="true" condition-coverage="100% (2/2)" />
            <line number="4098" hits="3" branch="false" />
            <line number="4099" hits="3" branch="false" />
            <line number="4100" hits="4" branch="false" />
            <line number="4101" hits="4" branch="false" />
            <line number="4102" hits="679" branch="false" />
            <line number="4104" hits="679" branch="false" />
            <line number="4114" hits="2809" branch="false" />
            <line number="4115" hits="2809" branch="true" condition-coverage="50% (1/2)" />
            <line number="4116" hits="0" branch="false" />
            <line number="4118" hits="3366" branch="true" condition-coverage="100% (2/2)" />
            <line number="4119" hits="557" branch="false" />
            <line number="4123" hits="558" branch="true" condition-coverage="100% (2/2)" />
            <line number="4124" hits="1" branch="false" />
            <line number="4125" hits="1" branch="true" condition-coverage="50% (1/2)" />
            <line number="4126" hits="1" branch="false" />
            <line number="4127" hits="1" branch="false" />
            <line number="4128" hits="1" branch="false" />
            <line number="4131" hits="557" branch="false" />
            <line number="4132" hits="557" branch="false" />
            <line number="4136" hits="557" branch="true" condition-coverage="50% (1/2)" />
            <line number="4137" hits="0" branch="false" />
            <line number="4138" hits="557" branch="true" condition-coverage="100% (2/2)" />
            <line number="4139" hits="7" branch="false" />
            <line number="4141" hits="550" branch="false" />
            <line number="4142" hits="557" branch="false" />
            <line number="4144" hits="2256" branch="true" condition-coverage="100% (2/2)" />
            <line number="4145" hits="4" branch="false" />
            <line number="4146" hits="4" branch="false" />
            <line number="4147" hits="4" branch="false" />
            <line number="4148" hits="4" branch="true" condition-coverage="50% (1/2)" />
            <line number="4149" hits="0" branch="false" />
            <line number="4150" hits="4" branch="false" />
            <line number="4151" hits="4" branch="false" />
            <line number="4152" hits="4" branch="false" />
            <line number="4153" hits="4" branch="false" />
            <line number="4155" hits="2282" branch="true" condition-coverage="100% (2/2)" />
            <line number="4157" hits="34" branch="false" />
            <line number="4158" hits="34" branch="false" />
            <line number="4159" hits="34" branch="false" />
            <line number="4161" hits="185" branch="true" condition-coverage="100% (2/2)" />
            <line number="4162" hits="39" branch="false" />
            <line number="4163" hits="39" branch="false" />
            <line number="4165" hits="34" branch="false" />
            <line number="4167" hits="34" branch="true" condition-coverage="50% (1/2)" />
            <line number="4168" hits="0" branch="false" />
            <line number="4169" hits="0" branch="false" />
            <line number="4170" hits="38" branch="true" condition-coverage="100% (2/2)" />
            <line number="4171" hits="4" branch="false" />
            <line number="4172" hits="4" branch="false" />
            <line number="4173" hits="37" branch="true" condition-coverage="100% (2/2)" />
            <line number="4174" hits="13" branch="true" condition-coverage="100% (2/2)" />
            <line number="4175" hits="6" branch="false" />
            <line number="4176" hits="6" branch="false" />
            <line number="4177" hits="1" branch="false" />
            <line number="4178" hits="1" branch="false" />
            <line number="4179" hits="1" branch="false" />
            <line number="4180" hits="7" branch="false" />
            <line number="4181" hits="30" branch="true" condition-coverage="100% (2/2)" />
            <line number="4182" hits="7" branch="false" />
            <line number="4183" hits="8" branch="true" condition-coverage="100% (2/2)" />
            <line number="4184" hits="1" branch="false" />
            <line number="4185" hits="1" branch="false" />
            <line number="4186" hits="7" branch="true" condition-coverage="50% (2/4)" />
            <line number="4189" hits="6" branch="false" />
            <line number="4190" hits="6" branch="false" />
            <line number="4193" hits="1" branch="false" />
            <line number="4194" hits="1" branch="false" />
            <line number="4197" hits="7" branch="false" />
            <line number="4198" hits="19" branch="true" condition-coverage="100% (2/2)" />
            <line number="4199" hits="3" branch="false" />
            <line number="4200" hits="3" branch="true" condition-coverage="50% (1/2)" />
            <line number="4201" hits="0" branch="false" />
            <line number="4202" hits="0" branch="false" />
            <line number="4203" hits="3" branch="true" condition-coverage="25% (1/4)" />
            <line number="4206" hits="3" branch="false" />
            <line number="4207" hits="3" branch="false" />
            <line number="4210" hits="0" branch="false" />
            <line number="4211" hits="0" branch="false" />
            <line number="4213" hits="3" branch="false" />
            <line number="4214" hits="19" branch="true" condition-coverage="100% (2/2)" />
            <line number="4215" hits="6" branch="false" />
            <line number="4216" hits="6" branch="false" />
            <line number="4217" hits="7" branch="true" condition-coverage="50% (1/2)" />
            <line number="4218" hits="0" branch="false" />
            <line number="4219" hits="0" branch="false" />
            <line number="4220" hits="8" branch="true" condition-coverage="100% (2/2)" />
            <line number="4221" hits="1" branch="false" />
            <line number="4222" hits="1" branch="false" />
            <line number="4223" hits="7" branch="true" condition-coverage="100% (2/2)" />
            <line number="4224" hits="1" branch="false" />
            <line number="4225" hits="1" branch="false" />
            <line number="4226" hits="10" branch="true" condition-coverage="50% (1/2)" />
            <line number="4227" hits="5" branch="false" />
            <line number="4228" hits="5" branch="false" />
            <line number="4229" hits="0" branch="false" />
            <line number="4230" hits="0" branch="false" />
            <line number="4231" hits="0" branch="false" />
            <line number="4232" hits="34" branch="false" />
            <line number="4235" hits="2801" branch="true" condition-coverage="100% (2/2)" />
            <line number="4236" hits="587" branch="false" />
            <line number="4237" hits="587" branch="false" />
            <line number="4238" hits="587" branch="false" />
            <line number="4239" hits="587" branch="false" />
            <line number="4240" hits="587" branch="false" />
            <line number="4241" hits="587" branch="false" />
            <line number="4243" hits="1635" branch="true" condition-coverage="100% (2/2)" />
            <line number="4244" hits="8" branch="false" />
            <line number="4245" hits="8" branch="false" />
            <line number="4246" hits="8" branch="false" />
            <line number="4247" hits="8" branch="true" condition-coverage="100% (2/2)" />
            <line number="4248" hits="8" branch="false" />
            <line number="4249" hits="8" branch="false" />
            <line number="4250" hits="8" branch="false" />
            <line number="4252" hits="3238" branch="true" condition-coverage="50% (1/2)" />
            <line number="4253" hits="1619" branch="false" />
            <line number="4255" hits="1619" branch="false" />
            <line number="4256" hits="2649" branch="true" condition-coverage="100% (2/2)" />
            <line number="4257" hits="1030" branch="false" />
            <line number="4258" hits="1031" branch="true" condition-coverage="100% (2/2)" />
            <line number="4259" hits="1" branch="false" />
            <line number="4260" hits="1" branch="false" />
            <line number="4261" hits="1030" branch="false" />
            <line number="4263" hits="2209" branch="true" condition-coverage="100% (2/2)" />
            <line number="4268" hits="590" branch="false" />
            <line number="4269" hits="590" branch="false" />
            <line number="4271" hits="1029" branch="false" />
            <line number="4272" hits="1029" branch="false" />
            <line number="4273" hits="2058" branch="true" condition-coverage="50% (1/2)" />
            <line number="4274" hits="1029" branch="false" />
            <line number="4275" hits="1029" branch="true" condition-coverage="50% (1/2)" />
            <line number="4276" hits="0" branch="false" />
            <line number="4278" hits="2058" branch="true" condition-coverage="50% (1/2)" />
            <line number="4279" hits="1029" branch="false" />
            <line number="4280" hits="1029" branch="false" />
            <line number="4281" hits="1029" branch="false" />
            <line number="4282" hits="1029" branch="false" />
            <line number="4287" hits="1029" branch="false" />
            <line number="4289" hits="1535" branch="true" condition-coverage="100% (2/2)" />
            <line number="4290" hits="506" branch="false" />
            <line number="4291" hits="506" branch="false" />
            <line number="4292" hits="506" branch="false" />
            <line number="4293" hits="1046" branch="true" condition-coverage="50% (1/2)" />
            <line number="4294" hits="523" branch="false" />
            <line number="4295" hits="523" branch="false" />
            <line number="4296" hits="523" branch="false" />
            <line number="4297" hits="0" branch="false" />
            <line number="4298" hits="0" branch="false" />
            <line number="4304" hits="1034" branch="true" condition-coverage="100% (2/2)" />
            <line number="4305" hits="5" branch="false" />
            <line number="4306" hits="5" branch="false" />
            <line number="4307" hits="5" branch="false" />
            <line number="4308" hits="87" branch="true" condition-coverage="100% (2/2)" />
            <line number="4309" hits="24" branch="false" />
            <line number="4310" hits="24" branch="false" />
            <line number="4311" hits="24" branch="false" />
            <line number="4312" hits="24" branch="false" />
            <line number="4313" hits="24" branch="false" />
            <line number="4314" hits="5" branch="false" />
            <line number="4315" hits="5" branch="false" />
            <line number="4316" hits="5" branch="false" />
            <line number="4317" hits="5" branch="false" />
            <line number="4318" hits="5" branch="false" />
            <line number="4320" hits="1024" branch="false" />
            <line number="4321" hits="1024" branch="false" />
            <line number="4322" hits="1024" branch="false" />
            <line number="4323" hits="1024" branch="false" />
            <line number="4324" hits="1024" branch="false" />
            <line number="4325" hits="1024" branch="false" />
            <line number="4329" hits="0" branch="false" />
            <line number="4330" hits="2809" branch="false" />
            <line number="4333" hits="5" branch="false" />
            <line number="4334" hits="5" branch="false" />
            <line number="4336" hits="10" branch="true" condition-coverage="50% (1/2)" />
            <line number="4337" hits="5" branch="true" condition-coverage="50% (1/2)" />
            <line number="4338" hits="0" branch="false" />
            <line number="4339" hits="5" branch="false" />
            <line number="4341" hits="0" branch="false" />
            <line number="4342" hits="0" branch="false" />
            <line number="4344" hits="5" branch="false" />
            <line number="4352" hits="7" branch="false" />
            <line number="4353" hits="7" branch="true" condition-coverage="100% (2/2)" />
            <line number="4354" hits="5" branch="false" />
            <line number="4355" hits="2" branch="true" condition-coverage="50% (1/2)" />
            <line number="4356" hits="2" branch="false" />
            <line number="4357" hits="0" branch="true" condition-coverage="0% (0/2)" />
            <line number="4358" hits="0" branch="false" />
            <line number="4359" hits="0" branch="false" />
            <line number="4360" hits="0" branch="false" />
            <line number="4361" hits="0" branch="false" />
            <line number="4363" hits="0" branch="false" />
            <line number="4364" hits="7" branch="false" />
            <line number="4367" hits="550" branch="false" />
            <line number="4368" hits="550" branch="false" />
            <line number="4369" hits="550" branch="true" condition-coverage="100% (2/2)" />
            <line number="4370" hits="5" branch="false" />
            <line number="4371" hits="545" branch="true" condition-coverage="50% (1/2)" />
            <line number="4372" hits="0" branch="false" />
            <line number="4374" hits="545" branch="true" condition-coverage="50% (1/2)" />
            <line number="4375" hits="0" branch="false" />
            <line number="4377" hits="545" branch="true" condition-coverage="50% (1/2)" />
            <line number="4378" hits="0" branch="false" />
            <line number="4380" hits="545" branch="true" condition-coverage="50% (1/2)" />
            <line number="4381" hits="0" branch="false" />
            <line number="4383" hits="545" branch="true" condition-coverage="50% (1/2)" />
            <line number="4384" hits="0" branch="false" />
            <line number="4386" hits="545" branch="true" condition-coverage="50% (1/2)" />
            <line number="4387" hits="0" branch="false" />
            <line number="4389" hits="545" branch="true" condition-coverage="50% (1/2)" />
            <line number="4390" hits="0" branch="false" />
            <line number="4392" hits="1090" branch="true" condition-coverage="50% (1/2)" />
            <line number="4393" hits="545" branch="false" />
            <line number="4395" hits="0" branch="true" condition-coverage="0% (0/2)" />
            <line number="4396" hits="0" branch="false" />
            <line number="4398" hits="0" branch="false" />
            <line number="4399" hits="0" branch="false" />
            <line number="4401" hits="550" branch="false" />
            <line number="4407" hits="69" branch="false" />
            <line number="4408" hits="69" branch="false" />
            <line number="4409" hits="67" branch="false" />
            <line number="4415" hits="0" branch="false" />
            <line number="4416" hits="0" branch="false" />
            <line number="4417" hits="0" branch="false" />
            <line number="4420" hits="15" branch="false" />
            <line number="4421" hits="15" branch="true" condition-coverage="50% (1/2)" />
            <line number="4422" hits="15" branch="false" />
            <line number="4424" hits="0" branch="false" />
            <line number="4425" hits="15" branch="false" />
            <line number="4428" hits="0" branch="false" />
            <line number="4429" hits="0" branch="false" />
            <line number="4430" hits="0" branch="false" />
            <line number="4436" hits="585" branch="false" />
            <line number="4437" hits="585" branch="false" />
            <line number="4438" hits="585" branch="false" />
            <line number="4444" hits="10" branch="false" />
            <line number="4445" hits="10" branch="false" />
            <line number="4446" hits="10" branch="false" />
            <line number="4452" hits="22" branch="false" />
            <line number="4453" hits="22" branch="false" />
            <line number="4454" hits="22" branch="false" />
            <line number="4455" hits="21" branch="false" />
            <line number="4461" hits="11" branch="false" />
            <line number="4462" hits="11" branch="false" />
            <line number="4463" hits="11" branch="false" />
            <line number="4464" hits="11" branch="false" />
            <line number="4470" hits="3" branch="false" />
            <line number="4471" hits="3" branch="false" />
            <line number="4472" hits="3" branch="false" />
            <line number="4479" hits="1" branch="false" />
            <line number="4480" hits="1" branch="false" />
            <line number="4481" hits="1" branch="false" />
          </lines>
        </class>
        <class name="SQLite.UniqueAttribute" filename="/home/runner/work/sqlite-net/sqlite-net/src/SQLite.cs" line-rate="0.5" branch-rate="1" complexity="NaN">
          <methods>
            <method name="Unique" signature="()" line-rate="1" branch-rate="1" complexity="NaN">
              <lines>
                <line number="2503" hits="15" branch="false" />
              </lines>
            </method>
            <method name="Unique" signature="(System.Boolean)" line-rate="0" branch-rate="1" complexity="NaN">
              <lines>
                <line number="2504" hits="0" branch="false" />
              </lines>
            </method>
          </methods>
          <lines>
            <line number="2503" hits="15" branch="false" />
            <line number="2504" hits="0" branch="false" />
          </lines>
        </class>
      </classes>
    </package>
  </packages>
</coverage>