<?xml version="1.0" encoding="utf-8"?>
<!DOCTYPE coverage SYSTEM "http://cobertura.sourceforge.net/xml/coverage-04.dtd">
<coverage line-rate="0.7941888619854721" branch-rate="0.7027397260273973" lines-covered="1968" lines-valid="2478" branches-covered="513" branches-valid="730" complexity="837" version="0" timestamp="1629860728">
  <sources />
  <packages>
    <package name="SQLite.Tests" line-rate="0.7941888619854721" branch-rate="0.7027397260273973" complexity="837">
      <classes>
        <class name="AutoGeneratedProgram" filename="/Users/runner/.nuget/packages/microsoft.net.test.sdk/16.5.0/build/netcoreapp2.1/Microsoft.NET.Test.Sdk.Program.cs" line-rate="0" branch-rate="1" complexity="NaN">
          <methods>
            <method name="Main" signature="(System.String[])" line-rate="0" branch-rate="1" complexity="NaN">
              <lines>
                <line number="4" hits="0" branch="false" />
              </lines>
            </method>
          </methods>
          <lines>
            <line number="4" hits="0" branch="false" />
          </lines>
        </class>
        <class name="SQLite.AsyncTableQuery`1" filename="/Users/runner/work/sqlite-net/sqlite-net/src/SQLiteAsync.cs" line-rate="0.5675675675675675" branch-rate="1" complexity="6">
          <methods>
            <method name=".ctor" signature="(SQLite.TableQuery`1&lt;T&gt;)" line-rate="1" branch-rate="1" complexity="NaN">
              <lines>
                <line number="1192" hits="1045" branch="false" />
                <line number="1193" hits="1045" branch="false" />
                <line number="1194" hits="1045" branch="false" />
                <line number="1195" hits="1045" branch="false" />
              </lines>
            </method>
            <method name="ReadAsync" signature="(System.Func`2&lt;SQLite.SQLiteConnectionWithLock,U&gt;)" line-rate="1" branch-rate="1" complexity="NaN">
              <lines>
                <line number="1198" hits="528" branch="false" />
                <line number="1199" hits="1056" branch="false" />
                <line number="1200" hits="1056" branch="false" />
                <line number="1201" hits="1584" branch="false" />
                <line number="1202" hits="1056" branch="false" />
                <line number="1203" hits="528" branch="false" />
                <line number="1204" hits="1055" branch="false" />
                <line number="1205" hits="528" branch="false" />
              </lines>
            </method>
            <method name="WriteAsync" signature="(System.Func`2&lt;SQLite.SQLiteConnectionWithLock,U&gt;)" line-rate="0" branch-rate="1" complexity="NaN">
              <lines>
                <line number="1208" hits="0" branch="false" />
                <line number="1209" hits="0" branch="false" />
                <line number="1210" hits="0" branch="false" />
                <line number="1211" hits="0" branch="false" />
                <line number="1212" hits="0" branch="false" />
                <line number="1213" hits="0" branch="false" />
                <line number="1214" hits="0" branch="false" />
                <line number="1215" hits="0" branch="false" />
              </lines>
            </method>
            <method name="Where" signature="(System.Linq.Expressions.Expression`1&lt;System.Func`2&lt;T,System.Boolean&gt;&gt;)" line-rate="1" branch-rate="1" complexity="NaN">
              <lines>
                <line number="1221" hits="513" branch="false" />
                <line number="1222" hits="513" branch="false" />
                <line number="1223" hits="513" branch="false" />
              </lines>
            </method>
            <method name="Skip" signature="(System.Int32)" line-rate="1" branch-rate="1" complexity="NaN">
              <lines>
                <line number="1229" hits="1" branch="false" />
                <line number="1230" hits="1" branch="false" />
                <line number="1231" hits="1" branch="false" />
              </lines>
            </method>
            <method name="Take" signature="(System.Int32)" line-rate="1" branch-rate="1" complexity="NaN">
              <lines>
                <line number="1237" hits="1" branch="false" />
                <line number="1238" hits="1" branch="false" />
                <line number="1239" hits="1" branch="false" />
              </lines>
            </method>
            <method name="OrderBy" signature="(System.Linq.Expressions.Expression`1&lt;System.Func`2&lt;T,U&gt;&gt;)" line-rate="1" branch-rate="1" complexity="NaN">
              <lines>
                <line number="1245" hits="4" branch="false" />
                <line number="1246" hits="4" branch="false" />
                <line number="1247" hits="4" branch="false" />
              </lines>
            </method>
            <method name="OrderByDescending" signature="(System.Linq.Expressions.Expression`1&lt;System.Func`2&lt;T,U&gt;&gt;)" line-rate="1" branch-rate="1" complexity="NaN">
              <lines>
                <line number="1253" hits="1" branch="false" />
                <line number="1254" hits="1" branch="false" />
                <line number="1255" hits="1" branch="false" />
              </lines>
            </method>
            <method name="ThenBy" signature="(System.Linq.Expressions.Expression`1&lt;System.Func`2&lt;T,U&gt;&gt;)" line-rate="0" branch-rate="1" complexity="NaN">
              <lines>
                <line number="1261" hits="0" branch="false" />
                <line number="1262" hits="0" branch="false" />
                <line number="1263" hits="0" branch="false" />
              </lines>
            </method>
            <method name="ThenByDescending" signature="(System.Linq.Expressions.Expression`1&lt;System.Func`2&lt;T,U&gt;&gt;)" line-rate="0" branch-rate="1" complexity="NaN">
              <lines>
                <line number="1269" hits="0" branch="false" />
                <line number="1270" hits="0" branch="false" />
                <line number="1271" hits="0" branch="false" />
              </lines>
            </method>
            <method name="ToListAsync" signature="()" line-rate="1" branch-rate="1" complexity="1">
              <lines>
                <line number="1277" hits="518" branch="false" />
                <line number="1278" hits="1036" branch="false" />
                <line number="1279" hits="518" branch="false" />
              </lines>
            </method>
            <method name="ToArrayAsync" signature="()" line-rate="0" branch-rate="1" complexity="1">
              <lines>
                <line number="1285" hits="0" branch="false" />
                <line number="1286" hits="0" branch="false" />
                <line number="1287" hits="0" branch="false" />
              </lines>
            </method>
            <method name="CountAsync" signature="()" line-rate="1" branch-rate="1" complexity="1">
              <lines>
                <line number="1293" hits="5" branch="false" />
                <line number="1294" hits="10" branch="false" />
                <line number="1295" hits="5" branch="false" />
              </lines>
            </method>
            <method name="CountAsync" signature="(System.Linq.Expressions.Expression`1&lt;System.Func`2&lt;T,System.Boolean&gt;&gt;)" line-rate="0" branch-rate="1" complexity="NaN">
              <lines>
                <line number="1301" hits="0" branch="false" />
                <line number="1302" hits="0" branch="false" />
                <line number="1303" hits="0" branch="false" />
              </lines>
            </method>
            <method name="ElementAtAsync" signature="(System.Int32)" line-rate="1" branch-rate="1" complexity="NaN">
              <lines>
                <line number="1309" hits="1" branch="false" />
                <line number="1310" hits="2" branch="false" />
                <line number="1311" hits="1" branch="false" />
              </lines>
            </method>
            <method name="FirstAsync" signature="()" line-rate="1" branch-rate="1" complexity="1">
              <lines>
                <line number="1317" hits="2" branch="false" />
                <line number="1318" hits="4" branch="false" />
                <line number="1319" hits="2" branch="false" />
              </lines>
            </method>
            <method name="FirstOrDefaultAsync" signature="()" line-rate="1" branch-rate="1" complexity="1">
              <lines>
                <line number="1325" hits="2" branch="false" />
                <line number="1326" hits="4" branch="false" />
                <line number="1327" hits="2" branch="false" />
              </lines>
            </method>
            <method name="FirstAsync" signature="(System.Linq.Expressions.Expression`1&lt;System.Func`2&lt;T,System.Boolean&gt;&gt;)" line-rate="0" branch-rate="1" complexity="NaN">
              <lines>
                <line number="1333" hits="0" branch="false" />
                <line number="1334" hits="0" branch="false" />
                <line number="1335" hits="0" branch="false" />
              </lines>
            </method>
            <method name="FirstOrDefaultAsync" signature="(System.Linq.Expressions.Expression`1&lt;System.Func`2&lt;T,System.Boolean&gt;&gt;)" line-rate="0" branch-rate="1" complexity="NaN">
              <lines>
                <line number="1341" hits="0" branch="false" />
                <line number="1342" hits="0" branch="false" />
                <line number="1343" hits="0" branch="false" />
              </lines>
            </method>
            <method name="DeleteAsync" signature="(System.Linq.Expressions.Expression`1&lt;System.Func`2&lt;T,System.Boolean&gt;&gt;)" line-rate="0" branch-rate="1" complexity="NaN">
              <lines>
                <line number="1349" hits="0" branch="false" />
                <line number="1350" hits="0" branch="false" />
                <line number="1351" hits="0" branch="false" />
              </lines>
            </method>
            <method name="DeleteAsync" signature="()" line-rate="0" branch-rate="1" complexity="1">
              <lines>
                <line number="1357" hits="0" branch="false" />
                <line number="1358" hits="0" branch="false" />
                <line number="1359" hits="0" branch="false" />
              </lines>
            </method>
          </methods>
          <lines>
            <line number="1192" hits="1045" branch="false" />
            <line number="1193" hits="1045" branch="false" />
            <line number="1194" hits="1045" branch="false" />
            <line number="1195" hits="1045" branch="false" />
            <line number="1198" hits="528" branch="false" />
            <line number="1199" hits="1056" branch="false" />
            <line number="1200" hits="1056" branch="false" />
            <line number="1201" hits="1584" branch="false" />
            <line number="1202" hits="1056" branch="false" />
            <line number="1203" hits="528" branch="false" />
            <line number="1204" hits="1055" branch="false" />
            <line number="1205" hits="528" branch="false" />
            <line number="1208" hits="0" branch="false" />
            <line number="1209" hits="0" branch="false" />
            <line number="1210" hits="0" branch="false" />
            <line number="1211" hits="0" branch="false" />
            <line number="1212" hits="0" branch="false" />
            <line number="1213" hits="0" branch="false" />
            <line number="1214" hits="0" branch="false" />
            <line number="1215" hits="0" branch="false" />
            <line number="1221" hits="513" branch="false" />
            <line number="1222" hits="513" branch="false" />
            <line number="1223" hits="513" branch="false" />
            <line number="1229" hits="1" branch="false" />
            <line number="1230" hits="1" branch="false" />
            <line number="1231" hits="1" branch="false" />
            <line number="1237" hits="1" branch="false" />
            <line number="1238" hits="1" branch="false" />
            <line number="1239" hits="1" branch="false" />
            <line number="1245" hits="4" branch="false" />
            <line number="1246" hits="4" branch="false" />
            <line number="1247" hits="4" branch="false" />
            <line number="1253" hits="1" branch="false" />
            <line number="1254" hits="1" branch="false" />
            <line number="1255" hits="1" branch="false" />
            <line number="1261" hits="0" branch="false" />
            <line number="1262" hits="0" branch="false" />
            <line number="1263" hits="0" branch="false" />
            <line number="1269" hits="0" branch="false" />
            <line number="1270" hits="0" branch="false" />
            <line number="1271" hits="0" branch="false" />
            <line number="1277" hits="518" branch="false" />
            <line number="1278" hits="1036" branch="false" />
            <line number="1279" hits="518" branch="false" />
            <line number="1285" hits="0" branch="false" />
            <line number="1286" hits="0" branch="false" />
            <line number="1287" hits="0" branch="false" />
            <line number="1293" hits="5" branch="false" />
            <line number="1294" hits="10" branch="false" />
            <line number="1295" hits="5" branch="false" />
            <line number="1301" hits="0" branch="false" />
            <line number="1302" hits="0" branch="false" />
            <line number="1303" hits="0" branch="false" />
            <line number="1309" hits="1" branch="false" />
            <line number="1310" hits="2" branch="false" />
            <line number="1311" hits="1" branch="false" />
            <line number="1317" hits="2" branch="false" />
            <line number="1318" hits="4" branch="false" />
            <line number="1319" hits="2" branch="false" />
            <line number="1325" hits="2" branch="false" />
            <line number="1326" hits="4" branch="false" />
            <line number="1327" hits="2" branch="false" />
            <line number="1333" hits="0" branch="false" />
            <line number="1334" hits="0" branch="false" />
            <line number="1335" hits="0" branch="false" />
            <line number="1341" hits="0" branch="false" />
            <line number="1342" hits="0" branch="false" />
            <line number="1343" hits="0" branch="false" />
            <line number="1349" hits="0" branch="false" />
            <line number="1350" hits="0" branch="false" />
            <line number="1351" hits="0" branch="false" />
            <line number="1357" hits="0" branch="false" />
            <line number="1358" hits="0" branch="false" />
            <line number="1359" hits="0" branch="false" />
          </lines>
        </class>
        <class name="SQLite.CollationAttribute" filename="/Users/runner/work/sqlite-net/sqlite-net/src/SQLite.cs" line-rate="1" branch-rate="1" complexity="NaN">
          <methods>
            <method name=".ctor" signature="(System.String)" line-rate="1" branch-rate="1" complexity="NaN">
              <lines>
                <line number="2411" hits="1" branch="false" />
                <line number="2412" hits="1" branch="false" />
                <line number="2413" hits="1" branch="false" />
                <line number="2414" hits="1" branch="false" />
              </lines>
            </method>
          </methods>
          <lines>
            <line number="2411" hits="1" branch="false" />
            <line number="2412" hits="1" branch="false" />
            <line number="2413" hits="1" branch="false" />
            <line number="2414" hits="1" branch="false" />
          </lines>
        </class>
        <class name="SQLite.ColumnAttribute" filename="/Users/runner/work/sqlite-net/sqlite-net/src/SQLite.cs" line-rate="1" branch-rate="1" complexity="NaN">
          <methods>
            <method name=".ctor" signature="(System.String)" line-rate="1" branch-rate="1" complexity="NaN">
              <lines>
                <line number="2336" hits="1" branch="false" />
                <line number="2337" hits="1" branch="false" />
                <line number="2338" hits="1" branch="false" />
                <line number="2339" hits="1" branch="false" />
              </lines>
            </method>
          </methods>
          <lines>
            <line number="2336" hits="1" branch="false" />
            <line number="2337" hits="1" branch="false" />
            <line number="2338" hits="1" branch="false" />
            <line number="2339" hits="1" branch="false" />
          </lines>
        </class>
        <class name="SQLite.CreateTablesResult" filename="/Users/runner/work/sqlite-net/sqlite-net/src/SQLite.cs" line-rate="1" branch-rate="1" complexity="1">
          <methods>
            <method name=".ctor" signature="()" line-rate="1" branch-rate="1" complexity="1">
              <lines>
                <line number="3674" hits="5" branch="false" />
                <line number="3675" hits="5" branch="false" />
                <line number="3676" hits="5" branch="false" />
                <line number="3677" hits="5" branch="false" />
              </lines>
            </method>
          </methods>
          <lines>
            <line number="3674" hits="5" branch="false" />
            <line number="3675" hits="5" branch="false" />
            <line number="3676" hits="5" branch="false" />
            <line number="3677" hits="5" branch="false" />
          </lines>
        </class>
        <class name="SQLite.EnumCache" filename="/Users/runner/work/sqlite-net/sqlite-net/src/SQLite.cs" line-rate="1" branch-rate="1" complexity="2">
          <methods>
            <method name="GetInfo" signature="()" line-rate="1" branch-rate="1" complexity="1">
              <lines>
                <line number="2732" hits="6" branch="false" />
                <line number="2733" hits="6" branch="false" />
                <line number="2734" hits="6" branch="false" />
              </lines>
            </method>
            <method name="GetInfo" signature="(System.Type)" line-rate="1" branch-rate="1" complexity="NaN">
              <lines>
                <line number="2737" hits="25" branch="false" />
                <line number="2738" hits="50" branch="false" />
                <line number="2739" hits="25" branch="false" />
                <line number="2740" hits="39" branch="true" condition-coverage="100% (2/2)" />
                <line number="2741" hits="14" branch="false" />
                <line number="2742" hits="14" branch="false" />
                <line number="2743" hits="14" branch="false" />
                <line number="2745" hits="25" branch="false" />
                <line number="2747" hits="25" branch="false" />
              </lines>
            </method>
            <method name=".cctor" signature="()" line-rate="1" branch-rate="1" complexity="1">
              <lines>
                <line number="2729" hits="1" branch="false" />
              </lines>
            </method>
          </methods>
          <lines>
            <line number="2729" hits="1" branch="false" />
            <line number="2732" hits="6" branch="false" />
            <line number="2733" hits="6" branch="false" />
            <line number="2734" hits="6" branch="false" />
            <line number="2737" hits="25" branch="false" />
            <line number="2738" hits="50" branch="false" />
            <line number="2739" hits="25" branch="false" />
            <line number="2740" hits="39" branch="true" condition-coverage="100% (2/2)" />
            <line number="2741" hits="14" branch="false" />
            <line number="2742" hits="14" branch="false" />
            <line number="2743" hits="14" branch="false" />
            <line number="2745" hits="25" branch="false" />
            <line number="2747" hits="25" branch="false" />
          </lines>
        </class>
        <class name="SQLite.EnumCacheInfo" filename="/Users/runner/work/sqlite-net/sqlite-net/src/SQLite.cs" line-rate="1" branch-rate="1" complexity="NaN">
          <methods>
            <method name=".ctor" signature="(System.Type)" line-rate="1" branch-rate="1" complexity="NaN">
              <lines>
                <line number="2702" hits="14" branch="false" />
                <line number="2703" hits="14" branch="false" />
                <line number="2704" hits="14" branch="false" />
                <line number="2706" hits="14" branch="false" />
                <line number="2708" hits="27" branch="true" condition-coverage="100% (2/2)" />
                <line number="2709" hits="17" branch="false" />
                <line number="2711" hits="17" branch="true" condition-coverage="100% (2/2)" />
                <line number="2712" hits="4" branch="false" />
                <line number="2713" hits="48" branch="true" condition-coverage="100% (2/2)" />
                <line number="2714" hits="12" branch="false" />
                <line number="2715" hits="12" branch="false" />
                <line number="2716" hits="4" branch="false" />
                <line number="2717" hits="13" branch="false" />
                <line number="2718" hits="14" branch="false" />
              </lines>
            </method>
          </methods>
          <lines>
            <line number="2702" hits="14" branch="false" />
            <line number="2703" hits="14" branch="false" />
            <line number="2704" hits="14" branch="false" />
            <line number="2706" hits="14" branch="false" />
            <line number="2708" hits="27" branch="true" condition-coverage="100% (2/2)" />
            <line number="2709" hits="17" branch="false" />
            <line number="2711" hits="17" branch="true" condition-coverage="100% (2/2)" />
            <line number="2712" hits="4" branch="false" />
            <line number="2713" hits="48" branch="true" condition-coverage="100% (2/2)" />
            <line number="2714" hits="12" branch="false" />
            <line number="2715" hits="12" branch="false" />
            <line number="2716" hits="4" branch="false" />
            <line number="2717" hits="13" branch="false" />
            <line number="2718" hits="14" branch="false" />
          </lines>
        </class>
        <class name="SQLite.FastColumnSetter" filename="/Users/runner/work/sqlite-net/sqlite-net/src/SQLite.cs" line-rate="0.7869822485207101" branch-rate="0.7833333333333333" complexity="NaN">
          <methods>
            <method name="GetFastSetter" signature="(SQLite.SQLiteConnection,SQLite.TableMapping/Column)" line-rate="0.7464788732394366" branch-rate="0.75" complexity="NaN">
              <lines>
                <line number="3373" hits="4806" branch="false" />
                <line number="3374" hits="4806" branch="false" />
                <line number="3376" hits="4806" branch="false" />
                <line number="3378" hits="4806" branch="false" />
                <line number="3379" hits="4817" branch="true" condition-coverage="100% (2/2)" />
                <line number="3380" hits="11" branch="false" />
                <line number="3381" hits="11" branch="false" />
                <line number="3382" hits="11" branch="false" />
                <line number="3384" hits="8400" branch="true" condition-coverage="100% (2/2)" />
                <line number="3385" hits="14991" branch="false" />
                <line number="3386" hits="14991" branch="false" />
                <line number="3387" hits="14991" branch="false" />
                <line number="3388" hits="3594" branch="false" />
                <line number="3389" hits="2301" branch="true" condition-coverage="100% (2/2)" />
                <line number="3390" hits="12635" branch="false" />
                <line number="3391" hits="12635" branch="false" />
                <line number="3392" hits="12635" branch="false" />
                <line number="3393" hits="1089" branch="false" />
                <line number="3394" hits="127" branch="true" condition-coverage="100% (2/2)" />
                <line number="3395" hits="20" branch="false" />
                <line number="3396" hits="20" branch="false" />
                <line number="3397" hits="20" branch="false" />
                <line number="3398" hits="4" branch="false" />
                <line number="3399" hits="120" branch="true" condition-coverage="100% (2/2)" />
                <line number="3400" hits="2" branch="false" />
                <line number="3401" hits="2" branch="false" />
                <line number="3402" hits="2" branch="false" />
                <line number="3403" hits="1" branch="false" />
                <line number="3404" hits="119" branch="true" condition-coverage="100% (2/2)" />
                <line number="3405" hits="4" branch="false" />
                <line number="3406" hits="4" branch="false" />
                <line number="3407" hits="4" branch="false" />
                <line number="3408" hits="1" branch="false" />
                <line number="3409" hits="121" branch="true" condition-coverage="100% (2/2)" />
                <line number="3410" hits="6" branch="true" condition-coverage="100% (2/2)" />
                <line number="3411" hits="4" branch="false" />
                <line number="3412" hits="4" branch="false" />
                <line number="3413" hits="4" branch="false" />
                <line number="3414" hits="2" branch="false" />
                <line number="3415" hits="2" branch="false" />
                <line number="3416" hits="4" branch="false" />
                <line number="3417" hits="4" branch="false" />
                <line number="3418" hits="2" branch="false" />
                <line number="3419" hits="4" branch="true" condition-coverage="50% (1/2)" />
                <line number="3420" hits="2" branch="false" />
                <line number="3421" hits="2" branch="false" />
                <line number="3422" hits="4" branch="false" />
                <line number="3423" hits="4" branch="false" />
                <line number="3424" hits="2" branch="false" />
                <line number="3425" hits="4" branch="false" />
                <line number="3426" hits="128" branch="true" condition-coverage="100% (2/2)" />
                <line number="3427" hits="22" branch="true" condition-coverage="100% (2/2)" />
                <line number="3428" hits="15" branch="false" />
                <line number="3429" hits="15" branch="false" />
                <line number="3430" hits="15" branch="false" />
                <line number="3431" hits="7" branch="false" />
                <line number="3432" hits="8" branch="false" />
                <line number="3433" hits="17" branch="false" />
                <line number="3434" hits="17" branch="false" />
                <line number="3435" hits="8" branch="false" />
                <line number="3436" hits="17" branch="true" condition-coverage="50% (1/2)" />
                <line number="3437" hits="8" branch="false" />
                <line number="3438" hits="8" branch="false" />
                <line number="3439" hits="17" branch="false" />
                <line number="3440" hits="17" branch="false" />
                <line number="3441" hits="8" branch="false" />
                <line number="3442" hits="15" branch="false" />
                <line number="3443" hits="100" branch="true" condition-coverage="100% (2/2)" />
                <line number="3444" hits="4" branch="false" />
                <line number="3445" hits="4" branch="false" />
                <line number="3446" hits="4" branch="false" />
                <line number="3447" hits="2" branch="false" />
                <line number="3448" hits="107" branch="true" condition-coverage="100% (2/2)" />
                <line number="3450" hits="11" branch="false" />
                <line number="3451" hits="85" branch="true" condition-coverage="50% (1/2)" />
                <line number="3452" hits="0" branch="false" />
                <line number="3453" hits="0" branch="false" />
                <line number="3454" hits="0" branch="false" />
                <line number="3455" hits="0" branch="false" />
                <line number="3456" hits="122" branch="true" condition-coverage="100% (2/2)" />
                <line number="3457" hits="312" branch="false" />
                <line number="3458" hits="312" branch="false" />
                <line number="3459" hits="312" branch="false" />
                <line number="3460" hits="37" branch="false" />
                <line number="3461" hits="90" branch="true" condition-coverage="100% (2/2)" />
                <line number="3462" hits="322" branch="false" />
                <line number="3463" hits="322" branch="false" />
                <line number="3464" hits="322" branch="false" />
                <line number="3465" hits="42" branch="false" />
                <line number="3466" hits="7" branch="true" condition-coverage="100% (2/2)" />
                <line number="3467" hits="11" branch="false" />
                <line number="3468" hits="11" branch="false" />
                <line number="3469" hits="11" branch="false" />
                <line number="3470" hits="1" branch="false" />
                <line number="3471" hits="5" branch="true" condition-coverage="50% (1/2)" />
                <line number="3472" hits="0" branch="false" />
                <line number="3473" hits="0" branch="false" />
                <line number="3474" hits="0" branch="false" />
                <line number="3475" hits="0" branch="false" />
                <line number="3476" hits="5" branch="true" condition-coverage="50% (1/2)" />
                <line number="3477" hits="0" branch="false" />
                <line number="3478" hits="0" branch="false" />
                <line number="3479" hits="0" branch="false" />
                <line number="3480" hits="0" branch="false" />
                <line number="3481" hits="5" branch="true" condition-coverage="50% (1/2)" />
                <line number="3482" hits="0" branch="false" />
                <line number="3483" hits="0" branch="false" />
                <line number="3484" hits="0" branch="false" />
                <line number="3485" hits="0" branch="false" />
                <line number="3486" hits="9" branch="true" condition-coverage="100% (2/2)" />
                <line number="3487" hits="12" branch="false" />
                <line number="3488" hits="12" branch="false" />
                <line number="3489" hits="12" branch="false" />
                <line number="3490" hits="4" branch="false" />
                <line number="3491" hits="2" branch="true" condition-coverage="50% (1/2)" />
                <line number="3492" hits="3" branch="false" />
                <line number="3493" hits="3" branch="false" />
                <line number="3494" hits="3" branch="false" />
                <line number="3495" hits="3" branch="false" />
                <line number="3496" hits="1" branch="false" />
                <line number="3497" hits="0" branch="true" condition-coverage="0% (0/2)" />
                <line number="3498" hits="0" branch="false" />
                <line number="3499" hits="0" branch="false" />
                <line number="3500" hits="0" branch="false" />
                <line number="3501" hits="0" branch="false" />
                <line number="3502" hits="0" branch="false" />
                <line number="3503" hits="0" branch="true" condition-coverage="0% (0/2)" />
                <line number="3504" hits="0" branch="false" />
                <line number="3505" hits="0" branch="false" />
                <line number="3506" hits="0" branch="false" />
                <line number="3507" hits="0" branch="false" />
                <line number="3508" hits="0" branch="false" />
                <line number="3509" hits="0" branch="true" condition-coverage="0% (0/2)" />
                <line number="3510" hits="0" branch="false" />
                <line number="3511" hits="0" branch="false" />
                <line number="3512" hits="0" branch="false" />
                <line number="3513" hits="0" branch="false" />
                <line number="3514" hits="0" branch="false" />
                <line number="3515" hits="0" branch="false" />
                <line number="3517" hits="0" branch="false" />
                <line number="3518" hits="4806" branch="false" />
                <line number="3519" hits="4806" branch="false" />
              </lines>
            </method>
            <method name="CreateNullableTypedSetterDelegate" signature="(SQLite.TableMapping/Column,System.Func`3&lt;System.IntPtr,System.Int32,ColumnMemberType&gt;)" line-rate="1" branch-rate="1" complexity="NaN">
              <lines>
                <line number="3532" hits="1197" branch="false" />
                <line number="3533" hits="1197" branch="false" />
                <line number="3534" hits="1197" branch="false" />
                <line number="3536" hits="1205" branch="true" condition-coverage="100% (2/2)" />
                <line number="3537" hits="8" branch="false" />
                <line number="3538" hits="8" branch="false" />
                <line number="3540" hits="1205" branch="true" condition-coverage="100% (2/2)" />
                <line number="3541" hits="8" branch="false" />
                <line number="3542" hits="8" branch="false" />
                <line number="3543" hits="8" branch="false" />
                <line number="3545" hits="26" branch="false" />
                <line number="3546" hits="26" branch="false" />
                <line number="3547" hits="26" branch="true" condition-coverage="100% (2/2)" />
                <line number="3548" hits="23" branch="false" />
                <line number="3549" hits="26" branch="false" />
                <line number="3552" hits="1189" branch="false" />
                <line number="3553" hits="1197" branch="false" />
              </lines>
            </method>
            <method name="CreateTypedSetterDelegate" signature="(SQLite.TableMapping/Column,System.Func`3&lt;System.IntPtr,System.Int32,ColumnMemberType&gt;)" line-rate="1" branch-rate="1" complexity="NaN">
              <lines>
                <line number="3564" hits="4787" branch="false" />
                <line number="3565" hits="4787" branch="false" />
                <line number="3566" hits="4787" branch="false" />
                <line number="3567" hits="4787" branch="false" />
                <line number="3569" hits="30672" branch="false" />
                <line number="3570" hits="30672" branch="false" />
                <line number="3571" hits="30672" branch="true" condition-coverage="100% (2/2)" />
                <line number="3572" hits="28333" branch="false" />
                <line number="3573" hits="30672" branch="false" />
                <line number="3574" hits="4787" branch="false" />
              </lines>
            </method>
          </methods>
          <lines>
            <line number="3373" hits="4806" branch="false" />
            <line number="3374" hits="4806" branch="false" />
            <line number="3376" hits="4806" branch="false" />
            <line number="3378" hits="4806" branch="false" />
            <line number="3379" hits="4817" branch="true" condition-coverage="100% (2/2)" />
            <line number="3380" hits="11" branch="false" />
            <line number="3381" hits="11" branch="false" />
            <line number="3382" hits="11" branch="false" />
            <line number="3384" hits="8400" branch="true" condition-coverage="100% (2/2)" />
            <line number="3385" hits="14991" branch="false" />
            <line number="3386" hits="14991" branch="false" />
            <line number="3387" hits="14991" branch="false" />
            <line number="3388" hits="3594" branch="false" />
            <line number="3389" hits="2301" branch="true" condition-coverage="100% (2/2)" />
            <line number="3390" hits="12635" branch="false" />
            <line number="3391" hits="12635" branch="false" />
            <line number="3392" hits="12635" branch="false" />
            <line number="3393" hits="1089" branch="false" />
            <line number="3394" hits="127" branch="true" condition-coverage="100% (2/2)" />
            <line number="3395" hits="20" branch="false" />
            <line number="3396" hits="20" branch="false" />
            <line number="3397" hits="20" branch="false" />
            <line number="3398" hits="4" branch="false" />
            <line number="3399" hits="120" branch="true" condition-coverage="100% (2/2)" />
            <line number="3400" hits="2" branch="false" />
            <line number="3401" hits="2" branch="false" />
            <line number="3402" hits="2" branch="false" />
            <line number="3403" hits="1" branch="false" />
            <line number="3404" hits="119" branch="true" condition-coverage="100% (2/2)" />
            <line number="3405" hits="4" branch="false" />
            <line number="3406" hits="4" branch="false" />
            <line number="3407" hits="4" branch="false" />
            <line number="3408" hits="1" branch="false" />
            <line number="3409" hits="121" branch="true" condition-coverage="100% (2/2)" />
            <line number="3410" hits="6" branch="true" condition-coverage="100% (2/2)" />
            <line number="3411" hits="4" branch="false" />
            <line number="3412" hits="4" branch="false" />
            <line number="3413" hits="4" branch="false" />
            <line number="3414" hits="2" branch="false" />
            <line number="3415" hits="2" branch="false" />
            <line number="3416" hits="4" branch="false" />
            <line number="3417" hits="4" branch="false" />
            <line number="3418" hits="2" branch="false" />
            <line number="3419" hits="4" branch="true" condition-coverage="50% (1/2)" />
            <line number="3420" hits="2" branch="false" />
            <line number="3421" hits="2" branch="false" />
            <line number="3422" hits="4" branch="false" />
            <line number="3423" hits="4" branch="false" />
            <line number="3424" hits="2" branch="false" />
            <line number="3425" hits="4" branch="false" />
            <line number="3426" hits="128" branch="true" condition-coverage="100% (2/2)" />
            <line number="3427" hits="22" branch="true" condition-coverage="100% (2/2)" />
            <line number="3428" hits="15" branch="false" />
            <line number="3429" hits="15" branch="false" />
            <line number="3430" hits="15" branch="false" />
            <line number="3431" hits="7" branch="false" />
            <line number="3432" hits="8" branch="false" />
            <line number="3433" hits="17" branch="false" />
            <line number="3434" hits="17" branch="false" />
            <line number="3435" hits="8" branch="false" />
            <line number="3436" hits="17" branch="true" condition-coverage="50% (1/2)" />
            <line number="3437" hits="8" branch="false" />
            <line number="3438" hits="8" branch="false" />
            <line number="3439" hits="17" branch="false" />
            <line number="3440" hits="17" branch="false" />
            <line number="3441" hits="8" branch="false" />
            <line number="3442" hits="15" branch="false" />
            <line number="3443" hits="100" branch="true" condition-coverage="100% (2/2)" />
            <line number="3444" hits="4" branch="false" />
            <line number="3445" hits="4" branch="false" />
            <line number="3446" hits="4" branch="false" />
            <line number="3447" hits="2" branch="false" />
            <line number="3448" hits="107" branch="true" condition-coverage="100% (2/2)" />
            <line number="3450" hits="11" branch="false" />
            <line number="3451" hits="85" branch="true" condition-coverage="50% (1/2)" />
            <line number="3452" hits="0" branch="false" />
            <line number="3453" hits="0" branch="false" />
            <line number="3454" hits="0" branch="false" />
            <line number="3455" hits="0" branch="false" />
            <line number="3456" hits="122" branch="true" condition-coverage="100% (2/2)" />
            <line number="3457" hits="312" branch="false" />
            <line number="3458" hits="312" branch="false" />
            <line number="3459" hits="312" branch="false" />
            <line number="3460" hits="37" branch="false" />
            <line number="3461" hits="90" branch="true" condition-coverage="100% (2/2)" />
            <line number="3462" hits="322" branch="false" />
            <line number="3463" hits="322" branch="false" />
            <line number="3464" hits="322" branch="false" />
            <line number="3465" hits="42" branch="false" />
            <line number="3466" hits="7" branch="true" condition-coverage="100% (2/2)" />
            <line number="3467" hits="11" branch="false" />
            <line number="3468" hits="11" branch="false" />
            <line number="3469" hits="11" branch="false" />
            <line number="3470" hits="1" branch="false" />
            <line number="3471" hits="5" branch="true" condition-coverage="50% (1/2)" />
            <line number="3472" hits="0" branch="false" />
            <line number="3473" hits="0" branch="false" />
            <line number="3474" hits="0" branch="false" />
            <line number="3475" hits="0" branch="false" />
            <line number="3476" hits="5" branch="true" condition-coverage="50% (1/2)" />
            <line number="3477" hits="0" branch="false" />
            <line number="3478" hits="0" branch="false" />
            <line number="3479" hits="0" branch="false" />
            <line number="3480" hits="0" branch="false" />
            <line number="3481" hits="5" branch="true" condition-coverage="50% (1/2)" />
            <line number="3482" hits="0" branch="false" />
            <line number="3483" hits="0" branch="false" />
            <line number="3484" hits="0" branch="false" />
            <line number="3485" hits="0" branch="false" />
            <line number="3486" hits="9" branch="true" condition-coverage="100% (2/2)" />
            <line number="3487" hits="12" branch="false" />
            <line number="3488" hits="12" branch="false" />
            <line number="3489" hits="12" branch="false" />
            <line number="3490" hits="4" branch="false" />
            <line number="3491" hits="2" branch="true" condition-coverage="50% (1/2)" />
            <line number="3492" hits="3" branch="false" />
            <line number="3493" hits="3" branch="false" />
            <line number="3494" hits="3" branch="false" />
            <line number="3495" hits="3" branch="false" />
            <line number="3496" hits="1" branch="false" />
            <line number="3497" hits="0" branch="true" condition-coverage="0% (0/2)" />
            <line number="3498" hits="0" branch="false" />
            <line number="3499" hits="0" branch="false" />
            <line number="3500" hits="0" branch="false" />
            <line number="3501" hits="0" branch="false" />
            <line number="3502" hits="0" branch="false" />
            <line number="3503" hits="0" branch="true" condition-coverage="0% (0/2)" />
            <line number="3504" hits="0" branch="false" />
            <line number="3505" hits="0" branch="false" />
            <line number="3506" hits="0" branch="false" />
            <line number="3507" hits="0" branch="false" />
            <line number="3508" hits="0" branch="false" />
            <line number="3509" hits="0" branch="true" condition-coverage="0% (0/2)" />
            <line number="3510" hits="0" branch="false" />
            <line number="3511" hits="0" branch="false" />
            <line number="3512" hits="0" branch="false" />
            <line number="3513" hits="0" branch="false" />
            <line number="3514" hits="0" branch="false" />
            <line number="3515" hits="0" branch="false" />
            <line number="3517" hits="0" branch="false" />
            <line number="3518" hits="4806" branch="false" />
            <line number="3519" hits="4806" branch="false" />
            <line number="3532" hits="1197" branch="false" />
            <line number="3533" hits="1197" branch="false" />
            <line number="3534" hits="1197" branch="false" />
            <line number="3536" hits="1205" branch="true" condition-coverage="100% (2/2)" />
            <line number="3537" hits="8" branch="false" />
            <line number="3538" hits="8" branch="false" />
            <line number="3540" hits="1205" branch="true" condition-coverage="100% (2/2)" />
            <line number="3541" hits="8" branch="false" />
            <line number="3542" hits="8" branch="false" />
            <line number="3543" hits="8" branch="false" />
            <line number="3545" hits="26" branch="false" />
            <line number="3546" hits="26" branch="false" />
            <line number="3547" hits="26" branch="true" condition-coverage="100% (2/2)" />
            <line number="3548" hits="23" branch="false" />
            <line number="3549" hits="26" branch="false" />
            <line number="3552" hits="1189" branch="false" />
            <line number="3553" hits="1197" branch="false" />
            <line number="3564" hits="4787" branch="false" />
            <line number="3565" hits="4787" branch="false" />
            <line number="3566" hits="4787" branch="false" />
            <line number="3567" hits="4787" branch="false" />
            <line number="3569" hits="30672" branch="false" />
            <line number="3570" hits="30672" branch="false" />
            <line number="3571" hits="30672" branch="true" condition-coverage="100% (2/2)" />
            <line number="3572" hits="28333" branch="false" />
            <line number="3573" hits="30672" branch="false" />
            <line number="3574" hits="4787" branch="false" />
          </lines>
        </class>
        <class name="SQLite.IndexedAttribute" filename="/Users/runner/work/sqlite-net/sqlite-net/src/SQLite.cs" line-rate="1" branch-rate="1" complexity="1">
          <methods>
            <method name=".ctor" signature="()" line-rate="1" branch-rate="1" complexity="1">
              <lines>
                <line number="2359" hits="202" branch="false" />
                <line number="2360" hits="202" branch="false" />
                <line number="2361" hits="202" branch="false" />
              </lines>
            </method>
            <method name=".ctor" signature="(System.String,System.Int32)" line-rate="1" branch-rate="1" complexity="NaN">
              <lines>
                <line number="2363" hits="42" branch="false" />
                <line number="2364" hits="42" branch="false" />
                <line number="2365" hits="42" branch="false" />
                <line number="2366" hits="42" branch="false" />
                <line number="2367" hits="42" branch="false" />
              </lines>
            </method>
          </methods>
          <lines>
            <line number="2359" hits="202" branch="false" />
            <line number="2360" hits="202" branch="false" />
            <line number="2361" hits="202" branch="false" />
            <line number="2363" hits="42" branch="false" />
            <line number="2364" hits="42" branch="false" />
            <line number="2365" hits="42" branch="false" />
            <line number="2366" hits="42" branch="false" />
            <line number="2367" hits="42" branch="false" />
          </lines>
        </class>
        <class name="SQLite.MaxLengthAttribute" filename="/Users/runner/work/sqlite-net/sqlite-net/src/SQLite.cs" line-rate="1" branch-rate="1" complexity="NaN">
          <methods>
            <method name=".ctor" signature="(System.Int32)" line-rate="1" branch-rate="1" complexity="NaN">
              <lines>
                <line number="2389" hits="5" branch="false" />
                <line number="2390" hits="5" branch="false" />
                <line number="2391" hits="5" branch="false" />
                <line number="2392" hits="5" branch="false" />
              </lines>
            </method>
          </methods>
          <lines>
            <line number="2389" hits="5" branch="false" />
            <line number="2390" hits="5" branch="false" />
            <line number="2391" hits="5" branch="false" />
            <line number="2392" hits="5" branch="false" />
          </lines>
        </class>
        <class name="SQLite.NotifyTableChangedEventArgs" filename="/Users/runner/work/sqlite-net/sqlite-net/src/SQLite.cs" line-rate="1" branch-rate="1" complexity="NaN">
          <methods>
            <method name=".ctor" signature="(SQLite.TableMapping,SQLite.NotifyTableChangedAction)" line-rate="1" branch-rate="1" complexity="NaN">
              <lines>
                <line number="2149" hits="26" branch="false" />
                <line number="2150" hits="26" branch="false" />
                <line number="2151" hits="26" branch="false" />
                <line number="2152" hits="26" branch="false" />
                <line number="2153" hits="26" branch="false" />
              </lines>
            </method>
          </methods>
          <lines>
            <line number="2149" hits="26" branch="false" />
            <line number="2150" hits="26" branch="false" />
            <line number="2151" hits="26" branch="false" />
            <line number="2152" hits="26" branch="false" />
            <line number="2153" hits="26" branch="false" />
          </lines>
        </class>
        <class name="SQLite.NotNullConstraintViolationException" filename="/Users/runner/work/sqlite-net/sqlite-net/src/SQLite.cs" line-rate="1" branch-rate="1" complexity="NaN">
          <methods>
            <method name=".ctor" signature="(SQLite.SQLite3/Result,System.String)" line-rate="1" branch-rate="1" complexity="NaN">
              <lines>
                <line number="82" hits="7" branch="false" />
                <line number="83" hits="7" branch="false" />
                <line number="85" hits="7" branch="false" />
              </lines>
            </method>
            <method name=".ctor" signature="(SQLite.SQLite3/Result,System.String,SQLite.TableMapping,System.Object)" line-rate="1" branch-rate="1" complexity="NaN">
              <lines>
                <line number="88" hits="12" branch="false" />
                <line number="89" hits="12" branch="false" />
                <line number="90" hits="17" branch="true" condition-coverage="100% (2/2)" />
                <line number="91" hits="5" branch="false" />
                <line number="92" hits="17" branch="true" condition-coverage="100% (2/2)" />
                <line number="93" hits="5" branch="false" />
                <line number="94" hits="5" branch="false" />
                <line number="95" hits="12" branch="false" />
              </lines>
            </method>
            <method name="New" signature="(SQLite.SQLite3/Result,System.String)" line-rate="1" branch-rate="1" complexity="NaN">
              <lines>
                <line number="98" hits="7" branch="false" />
                <line number="99" hits="7" branch="false" />
                <line number="100" hits="7" branch="false" />
              </lines>
            </method>
            <method name="New" signature="(SQLite.SQLite3/Result,System.String,SQLite.TableMapping,System.Object)" line-rate="1" branch-rate="1" complexity="NaN">
              <lines>
                <line number="103" hits="3" branch="false" />
                <line number="104" hits="3" branch="false" />
                <line number="105" hits="3" branch="false" />
              </lines>
            </method>
            <method name="New" signature="(SQLite.SQLiteException,SQLite.TableMapping,System.Object)" line-rate="1" branch-rate="1" complexity="NaN">
              <lines>
                <line number="108" hits="2" branch="false" />
                <line number="109" hits="2" branch="false" />
                <line number="110" hits="2" branch="false" />
              </lines>
            </method>
          </methods>
          <lines>
            <line number="82" hits="7" branch="false" />
            <line number="83" hits="7" branch="false" />
            <line number="85" hits="7" branch="false" />
            <line number="88" hits="12" branch="false" />
            <line number="89" hits="12" branch="false" />
            <line number="90" hits="17" branch="true" condition-coverage="100% (2/2)" />
            <line number="91" hits="5" branch="false" />
            <line number="92" hits="17" branch="true" condition-coverage="100% (2/2)" />
            <line number="93" hits="5" branch="false" />
            <line number="94" hits="5" branch="false" />
            <line number="95" hits="12" branch="false" />
            <line number="98" hits="7" branch="false" />
            <line number="99" hits="7" branch="false" />
            <line number="100" hits="7" branch="false" />
            <line number="103" hits="3" branch="false" />
            <line number="104" hits="3" branch="false" />
            <line number="105" hits="3" branch="false" />
            <line number="108" hits="2" branch="false" />
            <line number="109" hits="2" branch="false" />
            <line number="110" hits="2" branch="false" />
          </lines>
        </class>
        <class name="SQLite.Orm" filename="/Users/runner/work/sqlite-net/sqlite-net/src/SQLite.cs" line-rate="0.8849557522123894" branch-rate="0.8709677419354839" complexity="NaN">
          <methods>
            <method name="GetType" signature="(System.Object)" line-rate="0.75" branch-rate="0.5" complexity="NaN">
              <lines>
                <line number="2757" hits="12983" branch="false" />
                <line number="2758" hits="12983" branch="true" condition-coverage="50% (1/2)" />
                <line number="2759" hits="0" branch="false" />
                <line number="2760" hits="12983" branch="false" />
                <line number="2761" hits="12983" branch="true" condition-coverage="50% (1/2)" />
                <line number="2762" hits="0" branch="false" />
                <line number="2763" hits="12983" branch="false" />
                <line number="2764" hits="12983" branch="false" />
              </lines>
            </method>
            <method name="SqlDecl" signature="(SQLite.TableMapping/Column,System.Boolean,System.Boolean)" line-rate="1" branch-rate="1" complexity="NaN">
              <lines>
                <line number="2767" hits="1012" branch="false" />
                <line number="2768" hits="1012" branch="false" />
                <line number="2770" hits="1300" branch="true" condition-coverage="100% (2/2)" />
                <line number="2771" hits="288" branch="false" />
                <line number="2772" hits="288" branch="false" />
                <line number="2773" hits="1257" branch="true" condition-coverage="100% (2/2)" />
                <line number="2774" hits="245" branch="false" />
                <line number="2775" hits="245" branch="false" />
                <line number="2776" hits="1324" branch="true" condition-coverage="100% (2/2)" />
                <line number="2777" hits="312" branch="false" />
                <line number="2778" hits="312" branch="false" />
                <line number="2779" hits="1015" branch="true" condition-coverage="100% (2/2)" />
                <line number="2780" hits="3" branch="false" />
                <line number="2781" hits="3" branch="false" />
                <line number="2783" hits="1012" branch="false" />
                <line number="2784" hits="1012" branch="false" />
              </lines>
            </method>
            <method name="SqlType" signature="(SQLite.TableMapping/Column,System.Boolean,System.Boolean)" line-rate="0.9285714285714286" branch-rate="0.9615384615384616" complexity="NaN">
              <lines>
                <line number="2787" hits="1012" branch="false" />
                <line number="2788" hits="1012" branch="false" />
                <line number="2789" hits="1452" branch="true" condition-coverage="100% (2/2)" />
                <line number="2790" hits="440" branch="false" />
                <line number="2792" hits="619" branch="true" condition-coverage="100% (2/2)" />
                <line number="2793" hits="47" branch="false" />
                <line number="2795" hits="958" branch="true" condition-coverage="100% (2/2)" />
                <line number="2796" hits="433" branch="false" />
                <line number="2798" hits="433" branch="true" condition-coverage="100% (2/2)" />
                <line number="2799" hits="275" branch="false" />
                <line number="2801" hits="158" branch="false" />
                <line number="2803" hits="96" branch="true" condition-coverage="100% (2/2)" />
                <line number="2804" hits="4" branch="true" condition-coverage="100% (2/2)" />
                <line number="2806" hits="136" branch="true" condition-coverage="100% (2/2)" />
                <line number="2807" hits="48" branch="true" condition-coverage="100% (2/2)" />
                <line number="2809" hits="42" branch="true" condition-coverage="100% (2/2)" />
                <line number="2810" hits="2" branch="false" />
                <line number="2812" hits="69" branch="true" condition-coverage="100% (2/2)" />
                <line number="2813" hits="31" branch="true" condition-coverage="100% (2/2)" />
                <line number="2814" hits="3" branch="false" />
                <line number="2816" hits="28" branch="false" />
                <line number="2818" hits="11" branch="true" condition-coverage="100% (2/2)" />
                <line number="2819" hits="4" branch="false" />
                <line number="2821" hits="6" branch="true" condition-coverage="50% (1/2)" />
                <line number="2822" hits="3" branch="false" />
                <line number="2824" hits="0" branch="false" />
                <line number="2825" hits="0" branch="false" />
                <line number="2827" hits="1012" branch="false" />
              </lines>
            </method>
            <method name="IsPK" signature="(System.Reflection.MemberInfo)" line-rate="1" branch-rate="1" complexity="NaN">
              <lines>
                <line number="2830" hits="179" branch="false" />
                <line number="2831" hits="288" branch="true" condition-coverage="100% (2/2)" />
                <line number="2832" hits="179" branch="false" />
              </lines>
            </method>
            <method name="Collation" signature="(System.Reflection.MemberInfo)" line-rate="1" branch-rate="0.6666666666666666" complexity="NaN">
              <lines>
                <line number="2835" hits="179" branch="false" />
                <line number="2839" hits="179" branch="true" condition-coverage="100% (2/2)" />
                <line number="2840" hits="179" branch="false" />
                <line number="2841" hits="310" branch="false" />
                <line number="2842" hits="182" branch="false" />
                <line number="2843" hits="182" branch="false" />
                <line number="2844" hits="182" branch="true" condition-coverage="50% (2/4)" />
                <line number="2845" hits="182" branch="false" />
                <line number="2846" hits="179" branch="false" />
                <line number="2848" hits="179" branch="false" />
              </lines>
            </method>
            <method name="IsAutoInc" signature="(System.Reflection.MemberInfo)" line-rate="1" branch-rate="1" complexity="NaN">
              <lines>
                <line number="2851" hits="179" branch="false" />
                <line number="2852" hits="293" branch="true" condition-coverage="100% (2/2)" />
                <line number="2853" hits="179" branch="false" />
              </lines>
            </method>
            <method name="GetField" signature="(System.Reflection.TypeInfo,System.String)" line-rate="0" branch-rate="0" complexity="NaN">
              <lines>
                <line number="2856" hits="0" branch="false" />
                <line number="2857" hits="0" branch="false" />
                <line number="2858" hits="0" branch="true" condition-coverage="0% (0/2)" />
                <line number="2859" hits="0" branch="false" />
                <line number="2860" hits="0" branch="false" />
                <line number="2861" hits="0" branch="false" />
              </lines>
            </method>
            <method name="GetProperty" signature="(System.Reflection.TypeInfo,System.String)" line-rate="1" branch-rate="1" complexity="NaN">
              <lines>
                <line number="2864" hits="25" branch="false" />
                <line number="2865" hits="25" branch="false" />
                <line number="2866" hits="25" branch="true" condition-coverage="100% (2/2)" />
                <line number="2867" hits="19" branch="false" />
                <line number="2868" hits="6" branch="false" />
                <line number="2869" hits="25" branch="false" />
              </lines>
            </method>
            <method name="InflateAttribute" signature="(System.Reflection.CustomAttributeData)" line-rate="0.8666666666666667" branch-rate="0.75" complexity="NaN">
              <lines>
                <line number="2872" hits="253" branch="false" />
                <line number="2873" hits="253" branch="false" />
                <line number="2874" hits="253" branch="false" />
                <line number="2878" hits="350" branch="false" />
                <line number="2879" hits="253" branch="false" />
                <line number="2880" hits="816" branch="true" condition-coverage="100% (2/2)" />
                <line number="2881" hits="19" branch="true" condition-coverage="50% (1/2)" />
                <line number="2882" hits="0" branch="false" />
                <line number="2883" hits="0" branch="false" />
                <line number="2884" hits="19" branch="false" />
                <line number="2885" hits="19" branch="false" />
                <line number="2886" hits="19" branch="false" />
                <line number="2887" hits="19" branch="false" />
                <line number="2889" hits="253" branch="false" />
                <line number="2890" hits="253" branch="false" />
              </lines>
            </method>
            <method name="GetIndices" signature="(System.Reflection.MemberInfo)" line-rate="1" branch-rate="1" complexity="NaN">
              <lines>
                <line number="2893" hits="179" branch="false" />
                <line number="2897" hits="179" branch="false" />
                <line number="2898" hits="179" branch="true" condition-coverage="100% (2/2)" />
                <line number="2899" hits="179" branch="false" />
                <line number="2900" hits="1401" branch="false" />
                <line number="2901" hits="419" branch="false" />
                <line number="2903" hits="179" branch="false" />
              </lines>
            </method>
            <method name="MaxStringLength" signature="(System.Reflection.MemberInfo)" line-rate="1" branch-rate="1" complexity="NaN">
              <lines>
                <line number="2906" hits="179" branch="false" />
                <line number="2910" hits="307" branch="false" />
                <line number="2911" hits="184" branch="true" condition-coverage="100% (2/2)" />
                <line number="2912" hits="5" branch="false" />
                <line number="2913" hits="5" branch="false" />
                <line number="2915" hits="174" branch="false" />
                <line number="2917" hits="179" branch="false" />
              </lines>
            </method>
            <method name="MaxStringLength" signature="(System.Reflection.PropertyInfo)" line-rate="0" branch-rate="1" complexity="NaN">
              <lines>
                <line number="2919" hits="0" branch="false" />
              </lines>
            </method>
            <method name="IsMarkedNotNull" signature="(System.Reflection.MemberInfo)" line-rate="1" branch-rate="1" complexity="NaN">
              <lines>
                <line number="2922" hits="125" branch="false" />
                <line number="2923" hits="165" branch="true" condition-coverage="100% (2/2)" />
                <line number="2924" hits="125" branch="false" />
              </lines>
            </method>
          </methods>
          <lines>
            <line number="2757" hits="12983" branch="false" />
            <line number="2758" hits="12983" branch="true" condition-coverage="50% (1/2)" />
            <line number="2759" hits="0" branch="false" />
            <line number="2760" hits="12983" branch="false" />
            <line number="2761" hits="12983" branch="true" condition-coverage="50% (1/2)" />
            <line number="2762" hits="0" branch="false" />
            <line number="2763" hits="12983" branch="false" />
            <line number="2764" hits="12983" branch="false" />
            <line number="2767" hits="1012" branch="false" />
            <line number="2768" hits="1012" branch="false" />
            <line number="2770" hits="1300" branch="true" condition-coverage="100% (2/2)" />
            <line number="2771" hits="288" branch="false" />
            <line number="2772" hits="288" branch="false" />
            <line number="2773" hits="1257" branch="true" condition-coverage="100% (2/2)" />
            <line number="2774" hits="245" branch="false" />
            <line number="2775" hits="245" branch="false" />
            <line number="2776" hits="1324" branch="true" condition-coverage="100% (2/2)" />
            <line number="2777" hits="312" branch="false" />
            <line number="2778" hits="312" branch="false" />
            <line number="2779" hits="1015" branch="true" condition-coverage="100% (2/2)" />
            <line number="2780" hits="3" branch="false" />
            <line number="2781" hits="3" branch="false" />
            <line number="2783" hits="1012" branch="false" />
            <line number="2784" hits="1012" branch="false" />
            <line number="2787" hits="1012" branch="false" />
            <line number="2788" hits="1012" branch="false" />
            <line number="2789" hits="1452" branch="true" condition-coverage="100% (2/2)" />
            <line number="2790" hits="440" branch="false" />
            <line number="2792" hits="619" branch="true" condition-coverage="100% (2/2)" />
            <line number="2793" hits="47" branch="false" />
            <line number="2795" hits="958" branch="true" condition-coverage="100% (2/2)" />
            <line number="2796" hits="433" branch="false" />
            <line number="2798" hits="433" branch="true" condition-coverage="100% (2/2)" />
            <line number="2799" hits="275" branch="false" />
            <line number="2801" hits="158" branch="false" />
            <line number="2803" hits="96" branch="true" condition-coverage="100% (2/2)" />
            <line number="2804" hits="4" branch="true" condition-coverage="100% (2/2)" />
            <line number="2806" hits="136" branch="true" condition-coverage="100% (2/2)" />
            <line number="2807" hits="48" branch="true" condition-coverage="100% (2/2)" />
            <line number="2809" hits="42" branch="true" condition-coverage="100% (2/2)" />
            <line number="2810" hits="2" branch="false" />
            <line number="2812" hits="69" branch="true" condition-coverage="100% (2/2)" />
            <line number="2813" hits="31" branch="true" condition-coverage="100% (2/2)" />
            <line number="2814" hits="3" branch="false" />
            <line number="2816" hits="28" branch="false" />
            <line number="2818" hits="11" branch="true" condition-coverage="100% (2/2)" />
            <line number="2819" hits="4" branch="false" />
            <line number="2821" hits="6" branch="true" condition-coverage="50% (1/2)" />
            <line number="2822" hits="3" branch="false" />
            <line number="2824" hits="0" branch="false" />
            <line number="2825" hits="0" branch="false" />
            <line number="2827" hits="1012" branch="false" />
            <line number="2830" hits="179" branch="false" />
            <line number="2831" hits="288" branch="true" condition-coverage="100% (2/2)" />
            <line number="2832" hits="179" branch="false" />
            <line number="2835" hits="179" branch="false" />
            <line number="2839" hits="179" branch="true" condition-coverage="100% (2/2)" />
            <line number="2840" hits="179" branch="false" />
            <line number="2841" hits="310" branch="false" />
            <line number="2842" hits="182" branch="false" />
            <line number="2843" hits="182" branch="false" />
            <line number="2844" hits="182" branch="true" condition-coverage="50% (2/4)" />
            <line number="2845" hits="182" branch="false" />
            <line number="2846" hits="179" branch="false" />
            <line number="2848" hits="179" branch="false" />
            <line number="2851" hits="179" branch="false" />
            <line number="2852" hits="293" branch="true" condition-coverage="100% (2/2)" />
            <line number="2853" hits="179" branch="false" />
            <line number="2856" hits="0" branch="false" />
            <line number="2857" hits="0" branch="false" />
            <line number="2858" hits="0" branch="true" condition-coverage="0% (0/2)" />
            <line number="2859" hits="0" branch="false" />
            <line number="2860" hits="0" branch="false" />
            <line number="2861" hits="0" branch="false" />
            <line number="2864" hits="25" branch="false" />
            <line number="2865" hits="25" branch="false" />
            <line number="2866" hits="25" branch="true" condition-coverage="100% (2/2)" />
            <line number="2867" hits="19" branch="false" />
            <line number="2868" hits="6" branch="false" />
            <line number="2869" hits="25" branch="false" />
            <line number="2872" hits="253" branch="false" />
            <line number="2873" hits="253" branch="false" />
            <line number="2874" hits="253" branch="false" />
            <line number="2878" hits="350" branch="false" />
            <line number="2879" hits="253" branch="false" />
            <line number="2880" hits="816" branch="true" condition-coverage="100% (2/2)" />
            <line number="2881" hits="19" branch="true" condition-coverage="50% (1/2)" />
            <line number="2882" hits="0" branch="false" />
            <line number="2883" hits="0" branch="false" />
            <line number="2884" hits="19" branch="false" />
            <line number="2885" hits="19" branch="false" />
            <line number="2886" hits="19" branch="false" />
            <line number="2887" hits="19" branch="false" />
            <line number="2889" hits="253" branch="false" />
            <line number="2890" hits="253" branch="false" />
            <line number="2893" hits="179" branch="false" />
            <line number="2897" hits="179" branch="false" />
            <line number="2898" hits="179" branch="true" condition-coverage="100% (2/2)" />
            <line number="2899" hits="179" branch="false" />
            <line number="2900" hits="1401" branch="false" />
            <line number="2901" hits="419" branch="false" />
            <line number="2903" hits="179" branch="false" />
            <line number="2906" hits="179" branch="false" />
            <line number="2910" hits="307" branch="false" />
            <line number="2911" hits="184" branch="true" condition-coverage="100% (2/2)" />
            <line number="2912" hits="5" branch="false" />
            <line number="2913" hits="5" branch="false" />
            <line number="2915" hits="174" branch="false" />
            <line number="2917" hits="179" branch="false" />
            <line number="2919" hits="0" branch="false" />
            <line number="2922" hits="125" branch="false" />
            <line number="2923" hits="165" branch="true" condition-coverage="100% (2/2)" />
            <line number="2924" hits="125" branch="false" />
          </lines>
        </class>
        <class name="SQLite.PreparedSqlLiteInsertCommand" filename="/Users/runner/work/sqlite-net/sqlite-net/src/SQLite.cs" line-rate="0.9230769230769231" branch-rate="0.85" complexity="2">
          <methods>
            <method name=".ctor" signature="(SQLite.SQLiteConnection,System.String)" line-rate="1" branch-rate="1" complexity="NaN">
              <lines>
                <line number="3591" hits="168" branch="false" />
                <line number="3592" hits="168" branch="false" />
                <line number="3593" hits="168" branch="false" />
                <line number="3594" hits="168" branch="false" />
                <line number="3595" hits="168" branch="false" />
              </lines>
            </method>
            <method name="ExecuteNonQuery" signature="(System.Object[])" line-rate="0.875" branch-rate="0.8333333333333334" complexity="NaN">
              <lines>
                <line number="3598" hits="12969" branch="false" />
                <line number="3599" hits="12969" branch="true" condition-coverage="50% (1/2)" />
                <line number="3600" hits="0" branch="false" />
                <line number="3603" hits="14716" branch="true" condition-coverage="100% (2/2)" />
                <line number="3604" hits="1747" branch="true" condition-coverage="100% (2/2)" />
                <line number="3605" hits="1747" branch="false" />
                <line number="3607" hits="12969" branch="false" />
                <line number="3609" hits="13136" branch="true" condition-coverage="100% (2/2)" />
                <line number="3610" hits="167" branch="false" />
                <line number="3611" hits="167" branch="false" />
                <line number="3612" hits="167" branch="false" />
                <line number="3615" hits="25938" branch="true" condition-coverage="50% (1/2)" />
                <line number="3616" hits="77280" branch="true" condition-coverage="100% (2/2)" />
                <line number="3617" hits="17114" branch="false" />
                <line number="3618" hits="17114" branch="false" />
                <line number="3619" hits="12969" branch="false" />
                <line number="3620" hits="12969" branch="false" />
                <line number="3622" hits="25931" branch="true" condition-coverage="100% (2/2)" />
                <line number="3623" hits="12962" branch="false" />
                <line number="3624" hits="12962" branch="false" />
                <line number="3625" hits="12962" branch="false" />
                <line number="3627" hits="7" branch="true" condition-coverage="50% (1/2)" />
                <line number="3628" hits="0" branch="false" />
                <line number="3629" hits="0" branch="false" />
                <line number="3630" hits="0" branch="false" />
                <line number="3632" hits="10" branch="true" condition-coverage="100% (2/2)" />
                <line number="3633" hits="3" branch="false" />
                <line number="3634" hits="3" branch="false" />
                <line number="3636" hits="4" branch="false" />
                <line number="3637" hits="4" branch="false" />
                <line number="3638" hits="4" branch="false" />
                <line number="3640" hits="12962" branch="false" />
              </lines>
            </method>
            <method name="Dispose" signature="()" line-rate="1" branch-rate="1" complexity="1">
              <lines>
                <line number="3643" hits="83" branch="false" />
                <line number="3644" hits="83" branch="false" />
                <line number="3645" hits="83" branch="false" />
                <line number="3646" hits="83" branch="false" />
              </lines>
            </method>
            <method name="Dispose" signature="(System.Boolean)" line-rate="1" branch-rate="1" complexity="NaN">
              <lines>
                <line number="3649" hits="153" branch="false" />
                <line number="3650" hits="153" branch="false" />
                <line number="3651" hits="153" branch="false" />
                <line number="3652" hits="153" branch="false" />
                <line number="3653" hits="305" branch="true" condition-coverage="100% (2/2)" />
                <line number="3654" hits="152" branch="false" />
                <line number="3655" hits="152" branch="false" />
                <line number="3656" hits="153" branch="false" />
              </lines>
            </method>
            <method name="Finalize" signature="()" line-rate="1" branch-rate="1" complexity="1">
              <lines>
                <line number="3659" hits="140" branch="false" />
                <line number="3660" hits="70" branch="false" />
                <line number="3661" hits="140" branch="false" />
              </lines>
            </method>
          </methods>
          <lines>
            <line number="3591" hits="168" branch="false" />
            <line number="3592" hits="168" branch="false" />
            <line number="3593" hits="168" branch="false" />
            <line number="3594" hits="168" branch="false" />
            <line number="3595" hits="168" branch="false" />
            <line number="3598" hits="12969" branch="false" />
            <line number="3599" hits="12969" branch="true" condition-coverage="50% (1/2)" />
            <line number="3600" hits="0" branch="false" />
            <line number="3603" hits="14716" branch="true" condition-coverage="100% (2/2)" />
            <line number="3604" hits="1747" branch="true" condition-coverage="100% (2/2)" />
            <line number="3605" hits="1747" branch="false" />
            <line number="3607" hits="12969" branch="false" />
            <line number="3609" hits="13136" branch="true" condition-coverage="100% (2/2)" />
            <line number="3610" hits="167" branch="false" />
            <line number="3611" hits="167" branch="false" />
            <line number="3612" hits="167" branch="false" />
            <line number="3615" hits="25938" branch="true" condition-coverage="50% (1/2)" />
            <line number="3616" hits="77280" branch="true" condition-coverage="100% (2/2)" />
            <line number="3617" hits="17114" branch="false" />
            <line number="3618" hits="17114" branch="false" />
            <line number="3619" hits="12969" branch="false" />
            <line number="3620" hits="12969" branch="false" />
            <line number="3622" hits="25931" branch="true" condition-coverage="100% (2/2)" />
            <line number="3623" hits="12962" branch="false" />
            <line number="3624" hits="12962" branch="false" />
            <line number="3625" hits="12962" branch="false" />
            <line number="3627" hits="7" branch="true" condition-coverage="50% (1/2)" />
            <line number="3628" hits="0" branch="false" />
            <line number="3629" hits="0" branch="false" />
            <line number="3630" hits="0" branch="false" />
            <line number="3632" hits="10" branch="true" condition-coverage="100% (2/2)" />
            <line number="3633" hits="3" branch="false" />
            <line number="3634" hits="3" branch="false" />
            <line number="3636" hits="4" branch="false" />
            <line number="3637" hits="4" branch="false" />
[...]
            <line number="3882" hits="19" branch="false" />
            <line number="3883" hits="19" branch="false" />
            <line number="3884" hits="19" branch="false" />
            <line number="3885" hits="19" branch="false" />
            <line number="3887" hits="0" branch="false" />
            <line number="3888" hits="0" branch="false" />
            <line number="3891" hits="0" branch="false" />
            <line number="3892" hits="0" branch="false" />
            <line number="3894" hits="19" branch="false" />
            <line number="3897" hits="587" branch="false" />
            <line number="3898" hits="1174" branch="true" condition-coverage="50% (1/2)" />
            <line number="3899" hits="587" branch="false" />
            <line number="3900" hits="587" branch="false" />
            <line number="3901" hits="0" branch="false" />
            <line number="3902" hits="0" branch="false" />
            <line number="3903" hits="0" branch="false" />
            <line number="3904" hits="587" branch="false" />
            <line number="3935" hits="673" branch="false" />
            <line number="3936" hits="673" branch="true" condition-coverage="50% (1/2)" />
            <line number="3937" hits="0" branch="false" />
            <line number="3939" hits="673" branch="false" />
            <line number="3940" hits="673" branch="false" />
            <line number="3941" hits="673" branch="false" />
            <line number="3942" hits="1260" branch="true" condition-coverage="100% (2/2)" />
            <line number="3943" hits="587" branch="false" />
            <line number="3944" hits="587" branch="false" />
            <line number="3945" hits="587" branch="false" />
            <line number="3946" hits="693" branch="true" condition-coverage="100% (2/2)" />
            <line number="3947" hits="40" branch="false" />
            <line number="3948" hits="20" branch="false" />
            <line number="3949" hits="20" branch="false" />
            <line number="3950" hits="705" branch="true" condition-coverage="100% (2/2)" />
            <line number="3951" hits="32" branch="false" />
            <line number="3952" hits="32" branch="false" />
            <line number="3953" hits="677" branch="true" condition-coverage="100% (2/2)" />
            <line number="3954" hits="7" branch="true" condition-coverage="100% (2/2)" />
            <line number="3955" hits="3" branch="false" />
            <line number="3956" hits="3" branch="false" />
            <line number="3957" hits="4" branch="false" />
            <line number="3958" hits="4" branch="false" />
            <line number="3959" hits="673" branch="false" />
            <line number="3961" hits="673" branch="false" />
            <line number="3971" hits="2809" branch="false" />
            <line number="3972" hits="2809" branch="true" condition-coverage="50% (1/2)" />
            <line number="3973" hits="0" branch="false" />
            <line number="3975" hits="3366" branch="true" condition-coverage="100% (2/2)" />
            <line number="3976" hits="557" branch="false" />
            <line number="3980" hits="558" branch="true" condition-coverage="100% (2/2)" />
            <line number="3981" hits="1" branch="false" />
            <line number="3982" hits="1" branch="true" condition-coverage="50% (1/2)" />
            <line number="3983" hits="1" branch="false" />
            <line number="3984" hits="1" branch="false" />
            <line number="3985" hits="1" branch="false" />
            <line number="3988" hits="557" branch="false" />
            <line number="3989" hits="557" branch="false" />
            <line number="3993" hits="557" branch="true" condition-coverage="50% (1/2)" />
            <line number="3994" hits="0" branch="false" />
            <line number="3995" hits="557" branch="true" condition-coverage="100% (2/2)" />
            <line number="3996" hits="7" branch="false" />
            <line number="3998" hits="550" branch="false" />
            <line number="3999" hits="557" branch="false" />
            <line number="4001" hits="2256" branch="true" condition-coverage="100% (2/2)" />
            <line number="4002" hits="4" branch="false" />
            <line number="4003" hits="4" branch="false" />
            <line number="4004" hits="4" branch="false" />
            <line number="4005" hits="4" branch="true" condition-coverage="50% (1/2)" />
            <line number="4006" hits="0" branch="false" />
            <line number="4007" hits="4" branch="false" />
            <line number="4008" hits="4" branch="false" />
            <line number="4009" hits="4" branch="false" />
            <line number="4010" hits="4" branch="false" />
            <line number="4012" hits="2282" branch="true" condition-coverage="100% (2/2)" />
            <line number="4014" hits="34" branch="false" />
            <line number="4015" hits="34" branch="false" />
            <line number="4016" hits="34" branch="false" />
            <line number="4018" hits="185" branch="true" condition-coverage="100% (2/2)" />
            <line number="4019" hits="39" branch="false" />
            <line number="4020" hits="39" branch="false" />
            <line number="4022" hits="34" branch="false" />
            <line number="4024" hits="34" branch="true" condition-coverage="50% (1/2)" />
            <line number="4025" hits="0" branch="false" />
            <line number="4026" hits="0" branch="false" />
            <line number="4027" hits="38" branch="true" condition-coverage="100% (2/2)" />
            <line number="4028" hits="4" branch="false" />
            <line number="4029" hits="4" branch="false" />
            <line number="4030" hits="37" branch="true" condition-coverage="100% (2/2)" />
            <line number="4031" hits="13" branch="true" condition-coverage="100% (2/2)" />
            <line number="4032" hits="6" branch="false" />
            <line number="4033" hits="6" branch="false" />
            <line number="4034" hits="1" branch="false" />
            <line number="4035" hits="1" branch="false" />
            <line number="4036" hits="1" branch="false" />
            <line number="4037" hits="7" branch="false" />
            <line number="4038" hits="30" branch="true" condition-coverage="100% (2/2)" />
            <line number="4039" hits="7" branch="false" />
            <line number="4040" hits="8" branch="true" condition-coverage="100% (2/2)" />
            <line number="4041" hits="1" branch="false" />
            <line number="4042" hits="1" branch="false" />
            <line number="4043" hits="7" branch="true" condition-coverage="50% (2/4)" />
            <line number="4046" hits="6" branch="false" />
            <line number="4047" hits="6" branch="false" />
            <line number="4050" hits="1" branch="false" />
            <line number="4051" hits="1" branch="false" />
            <line number="4054" hits="7" branch="false" />
            <line number="4055" hits="19" branch="true" condition-coverage="100% (2/2)" />
            <line number="4056" hits="3" branch="false" />
            <line number="4057" hits="3" branch="true" condition-coverage="50% (1/2)" />
            <line number="4058" hits="0" branch="false" />
            <line number="4059" hits="0" branch="false" />
            <line number="4060" hits="3" branch="true" condition-coverage="25% (1/4)" />
            <line number="4063" hits="3" branch="false" />
            <line number="4064" hits="3" branch="false" />
            <line number="4067" hits="0" branch="false" />
            <line number="4068" hits="0" branch="false" />
            <line number="4070" hits="3" branch="false" />
            <line number="4071" hits="19" branch="true" condition-coverage="100% (2/2)" />
            <line number="4072" hits="6" branch="false" />
            <line number="4073" hits="6" branch="false" />
            <line number="4074" hits="7" branch="true" condition-coverage="50% (1/2)" />
            <line number="4075" hits="0" branch="false" />
            <line number="4076" hits="0" branch="false" />
            <line number="4077" hits="8" branch="true" condition-coverage="100% (2/2)" />
            <line number="4078" hits="1" branch="false" />
            <line number="4079" hits="1" branch="false" />
            <line number="4080" hits="7" branch="true" condition-coverage="100% (2/2)" />
            <line number="4081" hits="1" branch="false" />
            <line number="4082" hits="1" branch="false" />
            <line number="4083" hits="10" branch="true" condition-coverage="50% (1/2)" />
            <line number="4084" hits="5" branch="false" />
            <line number="4085" hits="5" branch="false" />
            <line number="4086" hits="0" branch="false" />
            <line number="4087" hits="0" branch="false" />
            <line number="4088" hits="0" branch="false" />
            <line number="4089" hits="34" branch="false" />
            <line number="4092" hits="2801" branch="true" condition-coverage="100% (2/2)" />
            <line number="4093" hits="587" branch="false" />
            <line number="4094" hits="587" branch="false" />
            <line number="4095" hits="587" branch="false" />
            <line number="4096" hits="587" branch="false" />
            <line number="4097" hits="587" branch="false" />
            <line number="4098" hits="587" branch="false" />
            <line number="4100" hits="1635" branch="true" condition-coverage="100% (2/2)" />
            <line number="4101" hits="8" branch="false" />
            <line number="4102" hits="8" branch="false" />
            <line number="4103" hits="8" branch="false" />
            <line number="4104" hits="8" branch="true" condition-coverage="100% (2/2)" />
            <line number="4105" hits="8" branch="false" />
            <line number="4106" hits="8" branch="false" />
            <line number="4107" hits="8" branch="false" />
            <line number="4109" hits="3238" branch="true" condition-coverage="50% (1/2)" />
            <line number="4110" hits="1619" branch="false" />
            <line number="4112" hits="1619" branch="false" />
            <line number="4113" hits="2649" branch="true" condition-coverage="100% (2/2)" />
            <line number="4114" hits="1030" branch="false" />
            <line number="4115" hits="1031" branch="true" condition-coverage="100% (2/2)" />
            <line number="4116" hits="1" branch="false" />
            <line number="4117" hits="1" branch="false" />
            <line number="4118" hits="1030" branch="false" />
            <line number="4120" hits="2209" branch="true" condition-coverage="100% (2/2)" />
            <line number="4125" hits="590" branch="false" />
            <line number="4126" hits="590" branch="false" />
            <line number="4128" hits="1029" branch="false" />
            <line number="4129" hits="1029" branch="false" />
            <line number="4130" hits="2058" branch="true" condition-coverage="50% (1/2)" />
            <line number="4131" hits="1029" branch="false" />
            <line number="4132" hits="1029" branch="true" condition-coverage="50% (1/2)" />
            <line number="4133" hits="0" branch="false" />
            <line number="4135" hits="2058" branch="true" condition-coverage="50% (1/2)" />
            <line number="4136" hits="1029" branch="false" />
            <line number="4137" hits="1029" branch="false" />
            <line number="4138" hits="1029" branch="false" />
            <line number="4139" hits="1029" branch="false" />
            <line number="4144" hits="1029" branch="false" />
            <line number="4146" hits="1535" branch="true" condition-coverage="100% (2/2)" />
            <line number="4147" hits="506" branch="false" />
            <line number="4148" hits="506" branch="false" />
            <line number="4149" hits="506" branch="false" />
            <line number="4150" hits="1046" branch="true" condition-coverage="50% (1/2)" />
            <line number="4151" hits="523" branch="false" />
            <line number="4152" hits="523" branch="false" />
            <line number="4153" hits="523" branch="false" />
            <line number="4154" hits="0" branch="false" />
            <line number="4155" hits="0" branch="false" />
            <line number="4161" hits="1034" branch="true" condition-coverage="100% (2/2)" />
            <line number="4162" hits="5" branch="false" />
            <line number="4163" hits="5" branch="false" />
            <line number="4164" hits="5" branch="false" />
            <line number="4165" hits="87" branch="true" condition-coverage="100% (2/2)" />
            <line number="4166" hits="24" branch="false" />
            <line number="4167" hits="24" branch="false" />
            <line number="4168" hits="24" branch="false" />
            <line number="4169" hits="24" branch="false" />
            <line number="4170" hits="24" branch="false" />
            <line number="4171" hits="5" branch="false" />
            <line number="4172" hits="5" branch="false" />
            <line number="4173" hits="5" branch="false" />
            <line number="4174" hits="5" branch="false" />
            <line number="4175" hits="5" branch="false" />
            <line number="4177" hits="1024" branch="false" />
            <line number="4178" hits="1024" branch="false" />
            <line number="4179" hits="1024" branch="false" />
            <line number="4180" hits="1024" branch="false" />
            <line number="4181" hits="1024" branch="false" />
            <line number="4182" hits="1024" branch="false" />
            <line number="4186" hits="0" branch="false" />
            <line number="4187" hits="2809" branch="false" />
            <line number="4190" hits="5" branch="false" />
            <line number="4191" hits="5" branch="false" />
            <line number="4193" hits="10" branch="true" condition-coverage="50% (1/2)" />
            <line number="4194" hits="5" branch="true" condition-coverage="50% (1/2)" />
            <line number="4195" hits="0" branch="false" />
            <line number="4196" hits="5" branch="false" />
            <line number="4198" hits="0" branch="false" />
            <line number="4199" hits="0" branch="false" />
            <line number="4201" hits="5" branch="false" />
            <line number="4209" hits="7" branch="false" />
            <line number="4210" hits="7" branch="true" condition-coverage="100% (2/2)" />
            <line number="4211" hits="5" branch="false" />
            <line number="4212" hits="2" branch="true" condition-coverage="50% (1/2)" />
            <line number="4213" hits="2" branch="false" />
            <line number="4214" hits="0" branch="true" condition-coverage="0% (0/2)" />
            <line number="4215" hits="0" branch="false" />
            <line number="4216" hits="0" branch="false" />
            <line number="4217" hits="0" branch="false" />
            <line number="4218" hits="0" branch="false" />
            <line number="4220" hits="0" branch="false" />
            <line number="4221" hits="7" branch="false" />
            <line number="4224" hits="550" branch="false" />
            <line number="4225" hits="550" branch="false" />
            <line number="4226" hits="550" branch="true" condition-coverage="100% (2/2)" />
            <line number="4227" hits="5" branch="false" />
            <line number="4228" hits="545" branch="true" condition-coverage="50% (1/2)" />
            <line number="4229" hits="0" branch="false" />
            <line number="4231" hits="545" branch="true" condition-coverage="50% (1/2)" />
            <line number="4232" hits="0" branch="false" />
            <line number="4234" hits="545" branch="true" condition-coverage="50% (1/2)" />
            <line number="4235" hits="0" branch="false" />
            <line number="4237" hits="545" branch="true" condition-coverage="50% (1/2)" />
            <line number="4238" hits="0" branch="false" />
            <line number="4240" hits="545" branch="true" condition-coverage="50% (1/2)" />
            <line number="4241" hits="0" branch="false" />
            <line number="4243" hits="545" branch="true" condition-coverage="50% (1/2)" />
            <line number="4244" hits="0" branch="false" />
            <line number="4246" hits="545" branch="true" condition-coverage="50% (1/2)" />
            <line number="4247" hits="0" branch="false" />
            <line number="4249" hits="1090" branch="true" condition-coverage="50% (1/2)" />
            <line number="4250" hits="545" branch="false" />
            <line number="4252" hits="0" branch="true" condition-coverage="0% (0/2)" />
            <line number="4253" hits="0" branch="false" />
            <line number="4255" hits="0" branch="false" />
            <line number="4256" hits="0" branch="false" />
            <line number="4258" hits="550" branch="false" />
            <line number="4264" hits="65" branch="false" />
            <line number="4265" hits="65" branch="false" />
            <line number="4266" hits="64" branch="false" />
            <line number="4272" hits="0" branch="false" />
            <line number="4273" hits="0" branch="false" />
            <line number="4274" hits="0" branch="false" />
            <line number="4277" hits="15" branch="false" />
            <line number="4278" hits="15" branch="true" condition-coverage="50% (1/2)" />
            <line number="4279" hits="15" branch="false" />
            <line number="4281" hits="0" branch="false" />
            <line number="4282" hits="15" branch="false" />
            <line number="4285" hits="0" branch="false" />
            <line number="4286" hits="0" branch="false" />
            <line number="4287" hits="0" branch="false" />
            <line number="4293" hits="583" branch="false" />
            <line number="4294" hits="583" branch="false" />
            <line number="4295" hits="583" branch="false" />
            <line number="4301" hits="10" branch="false" />
            <line number="4302" hits="10" branch="false" />
            <line number="4303" hits="10" branch="false" />
            <line number="4309" hits="20" branch="false" />
            <line number="4310" hits="20" branch="false" />
            <line number="4311" hits="20" branch="false" />
            <line number="4312" hits="19" branch="false" />
            <line number="4318" hits="11" branch="false" />
            <line number="4319" hits="11" branch="false" />
            <line number="4320" hits="11" branch="false" />
            <line number="4321" hits="11" branch="false" />
            <line number="4327" hits="3" branch="false" />
            <line number="4328" hits="3" branch="false" />
            <line number="4329" hits="3" branch="false" />
            <line number="4336" hits="1" branch="false" />
            <line number="4337" hits="1" branch="false" />
            <line number="4338" hits="1" branch="false" />
          </lines>
        </class>
        <class name="SQLite.UniqueAttribute" filename="/Users/runner/work/sqlite-net/sqlite-net/src/SQLite.cs" line-rate="0.5" branch-rate="1" complexity="NaN">
          <methods>
            <method name="Unique" signature="()" line-rate="1" branch-rate="1" complexity="NaN">
              <lines>
                <line number="2379" hits="15" branch="false" />
              </lines>
            </method>
            <method name="Unique" signature="(System.Boolean)" line-rate="0" branch-rate="1" complexity="NaN">
              <lines>
                <line number="2380" hits="0" branch="false" />
              </lines>
            </method>
          </methods>
          <lines>
            <line number="2379" hits="15" branch="false" />
            <line number="2380" hits="0" branch="false" />
          </lines>
        </class>
      </classes>
    </package>
  </packages>
</coverage>